Calling target program-options parser
[08:13:11.463] [bmv2] [D] [thread 10673] Set default entry for table 'ipv6_lpm': NoAction - 
Adding interface s3-eth1 as port 1
[08:13:11.463] [bmv2] [D] [thread 10673] Adding interface s3-eth1 as port 1
Adding interface s3-eth2 as port 2
[08:13:11.513] [bmv2] [D] [thread 10673] Adding interface s3-eth2 as port 2
Adding interface s3-eth3 as port 3
[08:13:11.553] [bmv2] [D] [thread 10673] Adding interface s3-eth3 as port 3
Thrift server was started
[08:13:11.607] [bmv2] [D] [thread 10679] [0.0] [cxt 0] Processing packet received on port 2
[08:13:11.607] [bmv2] [D] [thread 10679] [0.0] [cxt 0] Parser 'parser': start
[08:13:11.607] [bmv2] [D] [thread 10679] [0.0] [cxt 0] Extracting header 'ethernet'
[08:13:11.607] [bmv2] [D] [thread 10679] [0.0] [cxt 0] Parser state 'start': key is 86dd
[08:13:11.607] [bmv2] [T] [thread 10679] [0.0] [cxt 0] Bytes parsed: 14
[08:13:11.607] [bmv2] [D] [thread 10679] [0.0] [cxt 0] Extracting header 'ipv6'
[08:13:11.607] [bmv2] [D] [thread 10679] [0.0] [cxt 0] Parser set: setting field 'parser_metadata.ipv6_nextproto' from field 'ipv6.nextHdr' (17)
[08:13:11.607] [bmv2] [D] [thread 10679] [0.0] [cxt 0] Parser state 'parse_ipv6': key is 11
[08:13:11.607] [bmv2] [T] [thread 10679] [0.0] [cxt 0] Bytes parsed: 54
[08:13:11.607] [bmv2] [D] [thread 10679] [0.0] [cxt 0] Parser 'parser': end
[08:13:11.607] [bmv2] [D] [thread 10679] [0.0] [cxt 0] Pipeline 'ingress': start
[08:13:11.607] [bmv2] [T] [thread 10679] [0.0] [cxt 0] ioam_demo.p4(281) Condition "hdr.ipv6.isValid()" is true
[08:13:11.607] [bmv2] [T] [thread 10679] [0.0] [cxt 0] Applying table 'ipv6_lpm'
[08:13:11.607] [bmv2] [D] [thread 10679] [0.0] [cxt 0] Looking up key:
* ipv6.dstAddr        : ff0200000000000000000000000000fb

[08:13:11.607] [bmv2] [D] [thread 10679] [0.0] [cxt 0] Table 'ipv6_lpm': miss
[08:13:11.607] [bmv2] [D] [thread 10679] [0.0] [cxt 0] Action entry is NoAction - 
[08:13:11.607] [bmv2] [T] [thread 10679] [0.0] [cxt 0] Action NoAction
[08:13:11.607] [bmv2] [D] [thread 10679] [0.0] [cxt 0] Pipeline 'ingress': end
[08:13:11.607] [bmv2] [D] [thread 10679] [0.0] [cxt 0] Egress port is 0
[08:13:11.607] [bmv2] [D] [thread 10680] [0.0] [cxt 0] Pipeline 'egress': start
[08:13:11.607] [bmv2] [D] [thread 10680] [0.0] [cxt 0] Pipeline 'egress': end
[08:13:11.607] [bmv2] [D] [thread 10680] [0.0] [cxt 0] Deparser 'deparser': start
[08:13:11.607] [bmv2] [D] [thread 10680] [0.0] [cxt 0] Deparsing header 'ethernet'
[08:13:11.607] [bmv2] [D] [thread 10680] [0.0] [cxt 0] Deparsing header 'ipv6'
[08:13:11.607] [bmv2] [D] [thread 10680] [0.0] [cxt 0] Deparser 'deparser': end
[08:13:11.607] [bmv2] [D] [thread 10684] [0.0] [cxt 0] Transmitting packet of size 213 out of port 0
[08:13:11.614] [bmv2] [D] [thread 10679] [1.0] [cxt 0] Processing packet received on port 3
[08:13:11.614] [bmv2] [D] [thread 10679] [1.0] [cxt 0] Parser 'parser': start
[08:13:11.614] [bmv2] [D] [thread 10679] [1.0] [cxt 0] Extracting header 'ethernet'
[08:13:11.614] [bmv2] [D] [thread 10679] [1.0] [cxt 0] Parser state 'start': key is 86dd
[08:13:11.614] [bmv2] [T] [thread 10679] [1.0] [cxt 0] Bytes parsed: 14
[08:13:11.614] [bmv2] [D] [thread 10679] [1.0] [cxt 0] Extracting header 'ipv6'
[08:13:11.614] [bmv2] [D] [thread 10679] [1.0] [cxt 0] Parser set: setting field 'parser_metadata.ipv6_nextproto' from field 'ipv6.nextHdr' (17)
[08:13:11.614] [bmv2] [D] [thread 10679] [1.0] [cxt 0] Parser state 'parse_ipv6': key is 11
[08:13:11.614] [bmv2] [T] [thread 10679] [1.0] [cxt 0] Bytes parsed: 54
[08:13:11.614] [bmv2] [D] [thread 10679] [1.0] [cxt 0] Parser 'parser': end
[08:13:11.614] [bmv2] [D] [thread 10679] [1.0] [cxt 0] Pipeline 'ingress': start
[08:13:11.614] [bmv2] [T] [thread 10679] [1.0] [cxt 0] ioam_demo.p4(281) Condition "hdr.ipv6.isValid()" is true
[08:13:11.614] [bmv2] [T] [thread 10679] [1.0] [cxt 0] Applying table 'ipv6_lpm'
[08:13:11.615] [bmv2] [D] [thread 10679] [1.0] [cxt 0] Looking up key:
* ipv6.dstAddr        : ff0200000000000000000000000000fb

[08:13:11.615] [bmv2] [D] [thread 10679] [1.0] [cxt 0] Table 'ipv6_lpm': miss
[08:13:11.615] [bmv2] [D] [thread 10679] [1.0] [cxt 0] Action entry is NoAction - 
[08:13:11.615] [bmv2] [T] [thread 10679] [1.0] [cxt 0] Action NoAction
[08:13:11.615] [bmv2] [D] [thread 10679] [1.0] [cxt 0] Pipeline 'ingress': end
[08:13:11.615] [bmv2] [D] [thread 10679] [1.0] [cxt 0] Egress port is 0
[08:13:11.615] [bmv2] [D] [thread 10680] [1.0] [cxt 0] Pipeline 'egress': start
[08:13:11.615] [bmv2] [D] [thread 10680] [1.0] [cxt 0] Pipeline 'egress': end
[08:13:11.615] [bmv2] [D] [thread 10680] [1.0] [cxt 0] Deparser 'deparser': start
[08:13:11.615] [bmv2] [D] [thread 10680] [1.0] [cxt 0] Deparsing header 'ethernet'
[08:13:11.615] [bmv2] [D] [thread 10680] [1.0] [cxt 0] Deparsing header 'ipv6'
[08:13:11.615] [bmv2] [D] [thread 10680] [1.0] [cxt 0] Deparser 'deparser': end
[08:13:11.615] [bmv2] [D] [thread 10684] [1.0] [cxt 0] Transmitting packet of size 201 out of port 0
[08:13:11.661] [bmv2] [D] [thread 10679] [2.0] [cxt 0] Processing packet received on port 2
[08:13:11.661] [bmv2] [D] [thread 10679] [2.0] [cxt 0] Parser 'parser': start
[08:13:11.661] [bmv2] [D] [thread 10679] [2.0] [cxt 0] Extracting header 'ethernet'
[08:13:11.661] [bmv2] [D] [thread 10679] [2.0] [cxt 0] Parser state 'start': key is 86dd
[08:13:11.661] [bmv2] [T] [thread 10679] [2.0] [cxt 0] Bytes parsed: 14
[08:13:11.661] [bmv2] [D] [thread 10679] [2.0] [cxt 0] Extracting header 'ipv6'
[08:13:11.661] [bmv2] [D] [thread 10679] [2.0] [cxt 0] Parser set: setting field 'parser_metadata.ipv6_nextproto' from field 'ipv6.nextHdr' (0)
[08:13:11.661] [bmv2] [D] [thread 10679] [2.0] [cxt 0] Parser state 'parse_ipv6': key is 00
[08:13:11.661] [bmv2] [T] [thread 10679] [2.0] [cxt 0] Bytes parsed: 54
[08:13:11.661] [bmv2] [D] [thread 10679] [2.0] [cxt 0] Extracting header 'ip6_hop_by_hop_header'
[08:13:11.661] [bmv2] [D] [thread 10679] [2.0] [cxt 0] Parser set: setting field 'parser_metadata.nextprotocol' from field 'ip6_hop_by_hop_header.protocol' (58)
[08:13:11.661] [bmv2] [D] [thread 10679] [2.0] [cxt 0] Parser set: setting field 'parser_metadata.nextlength' from field 'ip6_hop_by_hop_header.length' (0)
[08:13:11.661] [bmv2] [D] [thread 10679] [2.0] [cxt 0] Extracting header 'ip6_hop_by_hop_option'
[08:13:11.661] [bmv2] [D] [thread 10679] [2.0] [cxt 0] Parser state 'parse_ipv6_hop_by_hop': key is 05
[08:13:11.661] [bmv2] [T] [thread 10679] [2.0] [cxt 0] Bytes parsed: 58
[08:13:11.661] [bmv2] [D] [thread 10679] [2.0] [cxt 0] Parser 'parser': end
[08:13:11.661] [bmv2] [D] [thread 10679] [2.0] [cxt 0] Pipeline 'ingress': start
[08:13:11.661] [bmv2] [T] [thread 10679] [2.0] [cxt 0] ioam_demo.p4(281) Condition "hdr.ipv6.isValid()" is true
[08:13:11.661] [bmv2] [T] [thread 10679] [2.0] [cxt 0] Applying table 'ipv6_lpm'
[08:13:11.661] [bmv2] [D] [thread 10679] [2.0] [cxt 0] Looking up key:
* ipv6.dstAddr        : ff020000000000000000000000000016

[08:13:11.661] [bmv2] [D] [thread 10679] [2.0] [cxt 0] Table 'ipv6_lpm': miss
[08:13:11.661] [bmv2] [D] [thread 10679] [2.0] [cxt 0] Action entry is NoAction - 
[08:13:11.661] [bmv2] [T] [thread 10679] [2.0] [cxt 0] Action NoAction
[08:13:11.661] [bmv2] [D] [thread 10679] [2.0] [cxt 0] Pipeline 'ingress': end
[08:13:11.661] [bmv2] [D] [thread 10679] [2.0] [cxt 0] Egress port is 0
[08:13:11.662] [bmv2] [D] [thread 10680] [2.0] [cxt 0] Pipeline 'egress': start
[08:13:11.662] [bmv2] [D] [thread 10680] [2.0] [cxt 0] Pipeline 'egress': end
[08:13:11.662] [bmv2] [D] [thread 10680] [2.0] [cxt 0] Deparser 'deparser': start
[08:13:11.662] [bmv2] [D] [thread 10680] [2.0] [cxt 0] Deparsing header 'ethernet'
[08:13:11.662] [bmv2] [D] [thread 10680] [2.0] [cxt 0] Deparsing header 'ipv6'
[08:13:11.662] [bmv2] [D] [thread 10680] [2.0] [cxt 0] Deparsing header 'ip6_hop_by_hop_header'
[08:13:11.662] [bmv2] [D] [thread 10680] [2.0] [cxt 0] Deparsing header 'ip6_hop_by_hop_option'
[08:13:11.662] [bmv2] [D] [thread 10680] [2.0] [cxt 0] Deparser 'deparser': end
[08:13:11.662] [bmv2] [D] [thread 10684] [2.0] [cxt 0] Transmitting packet of size 110 out of port 0
[08:13:11.672] [bmv2] [D] [thread 10679] [3.0] [cxt 0] Processing packet received on port 2
[08:13:11.672] [bmv2] [D] [thread 10679] [3.0] [cxt 0] Parser 'parser': start
[08:13:11.672] [bmv2] [D] [thread 10679] [3.0] [cxt 0] Extracting header 'ethernet'
[08:13:11.672] [bmv2] [D] [thread 10679] [3.0] [cxt 0] Parser state 'start': key is 86dd
[08:13:11.672] [bmv2] [T] [thread 10679] [3.0] [cxt 0] Bytes parsed: 14
[08:13:11.672] [bmv2] [D] [thread 10679] [3.0] [cxt 0] Extracting header 'ipv6'
[08:13:11.672] [bmv2] [D] [thread 10679] [3.0] [cxt 0] Parser set: setting field 'parser_metadata.ipv6_nextproto' from field 'ipv6.nextHdr' (17)
[08:13:11.672] [bmv2] [D] [thread 10679] [3.0] [cxt 0] Parser state 'parse_ipv6': key is 11
[08:13:11.672] [bmv2] [T] [thread 10679] [3.0] [cxt 0] Bytes parsed: 54
[08:13:11.672] [bmv2] [D] [thread 10679] [3.0] [cxt 0] Parser 'parser': end
[08:13:11.672] [bmv2] [D] [thread 10679] [3.0] [cxt 0] Pipeline 'ingress': start
[08:13:11.672] [bmv2] [T] [thread 10679] [3.0] [cxt 0] ioam_demo.p4(281) Condition "hdr.ipv6.isValid()" is true
[08:13:11.672] [bmv2] [T] [thread 10679] [3.0] [cxt 0] Applying table 'ipv6_lpm'
[08:13:11.672] [bmv2] [D] [thread 10679] [3.0] [cxt 0] Looking up key:
* ipv6.dstAddr        : ff0200000000000000000000000000fb

[08:13:11.672] [bmv2] [D] [thread 10679] [3.0] [cxt 0] Table 'ipv6_lpm': miss
[08:13:11.672] [bmv2] [D] [thread 10679] [3.0] [cxt 0] Action entry is NoAction - 
[08:13:11.672] [bmv2] [T] [thread 10679] [3.0] [cxt 0] Action NoAction
[08:13:11.672] [bmv2] [D] [thread 10679] [3.0] [cxt 0] Pipeline 'ingress': end
[08:13:11.672] [bmv2] [D] [thread 10679] [3.0] [cxt 0] Egress port is 0
[08:13:11.672] [bmv2] [D] [thread 10680] [3.0] [cxt 0] Pipeline 'egress': start
[08:13:11.672] [bmv2] [D] [thread 10680] [3.0] [cxt 0] Pipeline 'egress': end
[08:13:11.672] [bmv2] [D] [thread 10680] [3.0] [cxt 0] Deparser 'deparser': start
[08:13:11.672] [bmv2] [D] [thread 10680] [3.0] [cxt 0] Deparsing header 'ethernet'
[08:13:11.672] [bmv2] [D] [thread 10680] [3.0] [cxt 0] Deparsing header 'ipv6'
[08:13:11.672] [bmv2] [D] [thread 10680] [3.0] [cxt 0] Deparser 'deparser': end
[08:13:11.672] [bmv2] [D] [thread 10684] [3.0] [cxt 0] Transmitting packet of size 201 out of port 0
[08:13:11.721] [bmv2] [D] [thread 10679] [4.0] [cxt 0] Processing packet received on port 2
[08:13:11.722] [bmv2] [D] [thread 10679] [4.0] [cxt 0] Parser 'parser': start
[08:13:11.722] [bmv2] [D] [thread 10679] [4.0] [cxt 0] Extracting header 'ethernet'
[08:13:11.722] [bmv2] [D] [thread 10679] [4.0] [cxt 0] Parser state 'start': key is 86dd
[08:13:11.722] [bmv2] [T] [thread 10679] [4.0] [cxt 0] Bytes parsed: 14
[08:13:11.722] [bmv2] [D] [thread 10679] [4.0] [cxt 0] Extracting header 'ipv6'
[08:13:11.722] [bmv2] [D] [thread 10679] [4.0] [cxt 0] Parser set: setting field 'parser_metadata.ipv6_nextproto' from field 'ipv6.nextHdr' (0)
[08:13:11.722] [bmv2] [D] [thread 10679] [4.0] [cxt 0] Parser state 'parse_ipv6': key is 00
[08:13:11.722] [bmv2] [T] [thread 10679] [4.0] [cxt 0] Bytes parsed: 54
[08:13:11.722] [bmv2] [D] [thread 10679] [4.0] [cxt 0] Extracting header 'ip6_hop_by_hop_header'
[08:13:11.722] [bmv2] [D] [thread 10679] [4.0] [cxt 0] Parser set: setting field 'parser_metadata.nextprotocol' from field 'ip6_hop_by_hop_header.protocol' (58)
[08:13:11.722] [bmv2] [D] [thread 10679] [4.0] [cxt 0] Parser set: setting field 'parser_metadata.nextlength' from field 'ip6_hop_by_hop_header.length' (0)
[08:13:11.722] [bmv2] [D] [thread 10679] [4.0] [cxt 0] Extracting header 'ip6_hop_by_hop_option'
[08:13:11.722] [bmv2] [D] [thread 10679] [4.0] [cxt 0] Parser state 'parse_ipv6_hop_by_hop': key is 05
[08:13:11.722] [bmv2] [T] [thread 10679] [4.0] [cxt 0] Bytes parsed: 58
[08:13:11.722] [bmv2] [D] [thread 10679] [4.0] [cxt 0] Parser 'parser': end
[08:13:11.722] [bmv2] [D] [thread 10679] [4.0] [cxt 0] Pipeline 'ingress': start
[08:13:11.722] [bmv2] [T] [thread 10679] [4.0] [cxt 0] ioam_demo.p4(281) Condition "hdr.ipv6.isValid()" is true
[08:13:11.722] [bmv2] [T] [thread 10679] [4.0] [cxt 0] Applying table 'ipv6_lpm'
[08:13:11.722] [bmv2] [D] [thread 10679] [4.0] [cxt 0] Looking up key:
* ipv6.dstAddr        : ff020000000000000000000000000016

[08:13:11.722] [bmv2] [D] [thread 10679] [4.0] [cxt 0] Table 'ipv6_lpm': miss
[08:13:11.722] [bmv2] [D] [thread 10679] [4.0] [cxt 0] Action entry is NoAction - 
[08:13:11.722] [bmv2] [T] [thread 10679] [4.0] [cxt 0] Action NoAction
[08:13:11.722] [bmv2] [D] [thread 10679] [4.0] [cxt 0] Pipeline 'ingress': end
[08:13:11.722] [bmv2] [D] [thread 10679] [4.0] [cxt 0] Egress port is 0
[08:13:11.722] [bmv2] [D] [thread 10680] [4.0] [cxt 0] Pipeline 'egress': start
[08:13:11.722] [bmv2] [D] [thread 10680] [4.0] [cxt 0] Pipeline 'egress': end
[08:13:11.722] [bmv2] [D] [thread 10680] [4.0] [cxt 0] Deparser 'deparser': start
[08:13:11.722] [bmv2] [D] [thread 10680] [4.0] [cxt 0] Deparsing header 'ethernet'
[08:13:11.722] [bmv2] [D] [thread 10680] [4.0] [cxt 0] Deparsing header 'ipv6'
[08:13:11.722] [bmv2] [D] [thread 10680] [4.0] [cxt 0] Deparsing header 'ip6_hop_by_hop_header'
[08:13:11.722] [bmv2] [D] [thread 10680] [4.0] [cxt 0] Deparsing header 'ip6_hop_by_hop_option'
[08:13:11.722] [bmv2] [D] [thread 10680] [4.0] [cxt 0] Deparser 'deparser': end
[08:13:11.722] [bmv2] [D] [thread 10684] [4.0] [cxt 0] Transmitting packet of size 90 out of port 0
[08:13:11.736] [bmv2] [D] [thread 10679] [5.0] [cxt 0] Processing packet received on port 3
[08:13:11.736] [bmv2] [D] [thread 10679] [5.0] [cxt 0] Parser 'parser': start
[08:13:11.736] [bmv2] [D] [thread 10679] [5.0] [cxt 0] Extracting header 'ethernet'
[08:13:11.736] [bmv2] [D] [thread 10679] [5.0] [cxt 0] Parser state 'start': key is 86dd
[08:13:11.736] [bmv2] [T] [thread 10679] [5.0] [cxt 0] Bytes parsed: 14
[08:13:11.736] [bmv2] [D] [thread 10679] [5.0] [cxt 0] Extracting header 'ipv6'
[08:13:11.736] [bmv2] [D] [thread 10679] [5.0] [cxt 0] Parser set: setting field 'parser_metadata.ipv6_nextproto' from field 'ipv6.nextHdr' (17)
[08:13:11.736] [bmv2] [D] [thread 10679] [5.0] [cxt 0] Parser state 'parse_ipv6': key is 11
[08:13:11.736] [bmv2] [T] [thread 10679] [5.0] [cxt 0] Bytes parsed: 54
[08:13:11.736] [bmv2] [D] [thread 10679] [5.0] [cxt 0] Parser 'parser': end
[08:13:11.736] [bmv2] [D] [thread 10679] [5.0] [cxt 0] Pipeline 'ingress': start
[08:13:11.736] [bmv2] [T] [thread 10679] [5.0] [cxt 0] ioam_demo.p4(281) Condition "hdr.ipv6.isValid()" is true
[08:13:11.736] [bmv2] [T] [thread 10679] [5.0] [cxt 0] Applying table 'ipv6_lpm'
[08:13:11.736] [bmv2] [D] [thread 10679] [5.0] [cxt 0] Looking up key:
* ipv6.dstAddr        : ff0200000000000000000000000000fb

[08:13:11.736] [bmv2] [D] [thread 10679] [5.0] [cxt 0] Table 'ipv6_lpm': miss
[08:13:11.736] [bmv2] [D] [thread 10679] [5.0] [cxt 0] Action entry is NoAction - 
[08:13:11.736] [bmv2] [T] [thread 10679] [5.0] [cxt 0] Action NoAction
[08:13:11.736] [bmv2] [D] [thread 10679] [5.0] [cxt 0] Pipeline 'ingress': end
[08:13:11.736] [bmv2] [D] [thread 10679] [5.0] [cxt 0] Egress port is 0
[08:13:11.736] [bmv2] [D] [thread 10680] [5.0] [cxt 0] Pipeline 'egress': start
[08:13:11.736] [bmv2] [D] [thread 10680] [5.0] [cxt 0] Pipeline 'egress': end
[08:13:11.736] [bmv2] [D] [thread 10680] [5.0] [cxt 0] Deparser 'deparser': start
[08:13:11.736] [bmv2] [D] [thread 10680] [5.0] [cxt 0] Deparsing header 'ethernet'
[08:13:11.736] [bmv2] [D] [thread 10680] [5.0] [cxt 0] Deparsing header 'ipv6'
[08:13:11.736] [bmv2] [D] [thread 10680] [5.0] [cxt 0] Deparser 'deparser': end
[08:13:11.736] [bmv2] [D] [thread 10684] [5.0] [cxt 0] Transmitting packet of size 107 out of port 0
[08:13:11.741] [bmv2] [D] [thread 10679] [6.0] [cxt 0] Processing packet received on port 3
[08:13:11.741] [bmv2] [D] [thread 10679] [6.0] [cxt 0] Parser 'parser': start
[08:13:11.741] [bmv2] [D] [thread 10679] [6.0] [cxt 0] Extracting header 'ethernet'
[08:13:11.741] [bmv2] [D] [thread 10679] [6.0] [cxt 0] Parser state 'start': key is 86dd
[08:13:11.741] [bmv2] [T] [thread 10679] [6.0] [cxt 0] Bytes parsed: 14
[08:13:11.741] [bmv2] [D] [thread 10679] [6.0] [cxt 0] Extracting header 'ipv6'
[08:13:11.741] [bmv2] [D] [thread 10679] [6.0] [cxt 0] Parser set: setting field 'parser_metadata.ipv6_nextproto' from field 'ipv6.nextHdr' (17)
[08:13:11.741] [bmv2] [D] [thread 10679] [6.0] [cxt 0] Parser state 'parse_ipv6': key is 11
[08:13:11.741] [bmv2] [T] [thread 10679] [6.0] [cxt 0] Bytes parsed: 54
[08:13:11.741] [bmv2] [D] [thread 10679] [6.0] [cxt 0] Parser 'parser': end
[08:13:11.741] [bmv2] [D] [thread 10679] [6.0] [cxt 0] Pipeline 'ingress': start
[08:13:11.741] [bmv2] [T] [thread 10679] [6.0] [cxt 0] ioam_demo.p4(281) Condition "hdr.ipv6.isValid()" is true
[08:13:11.741] [bmv2] [T] [thread 10679] [6.0] [cxt 0] Applying table 'ipv6_lpm'
[08:13:11.741] [bmv2] [D] [thread 10679] [6.0] [cxt 0] Looking up key:
* ipv6.dstAddr        : ff0200000000000000000000000000fb

[08:13:11.741] [bmv2] [D] [thread 10679] [6.0] [cxt 0] Table 'ipv6_lpm': miss
[08:13:11.741] [bmv2] [D] [thread 10679] [6.0] [cxt 0] Action entry is NoAction - 
[08:13:11.741] [bmv2] [T] [thread 10679] [6.0] [cxt 0] Action NoAction
[08:13:11.741] [bmv2] [D] [thread 10679] [6.0] [cxt 0] Pipeline 'ingress': end
[08:13:11.741] [bmv2] [D] [thread 10679] [6.0] [cxt 0] Egress port is 0
[08:13:11.741] [bmv2] [D] [thread 10680] [6.0] [cxt 0] Pipeline 'egress': start
[08:13:11.741] [bmv2] [D] [thread 10680] [6.0] [cxt 0] Pipeline 'egress': end
[08:13:11.741] [bmv2] [D] [thread 10680] [6.0] [cxt 0] Deparser 'deparser': start
[08:13:11.741] [bmv2] [D] [thread 10680] [6.0] [cxt 0] Deparsing header 'ethernet'
[08:13:11.741] [bmv2] [D] [thread 10680] [6.0] [cxt 0] Deparsing header 'ipv6'
[08:13:11.741] [bmv2] [D] [thread 10680] [6.0] [cxt 0] Deparser 'deparser': end
[08:13:11.741] [bmv2] [D] [thread 10684] [6.0] [cxt 0] Transmitting packet of size 201 out of port 0
[08:13:11.798] [bmv2] [D] [thread 10679] [7.0] [cxt 0] Processing packet received on port 2
[08:13:11.798] [bmv2] [D] [thread 10679] [7.0] [cxt 0] Parser 'parser': start
[08:13:11.798] [bmv2] [D] [thread 10679] [7.0] [cxt 0] Extracting header 'ethernet'
[08:13:11.798] [bmv2] [D] [thread 10679] [7.0] [cxt 0] Parser state 'start': key is 86dd
[08:13:11.798] [bmv2] [T] [thread 10679] [7.0] [cxt 0] Bytes parsed: 14
[08:13:11.798] [bmv2] [D] [thread 10679] [7.0] [cxt 0] Extracting header 'ipv6'
[08:13:11.798] [bmv2] [D] [thread 10679] [7.0] [cxt 0] Parser set: setting field 'parser_metadata.ipv6_nextproto' from field 'ipv6.nextHdr' (17)
[08:13:11.798] [bmv2] [D] [thread 10679] [7.0] [cxt 0] Parser state 'parse_ipv6': key is 11
[08:13:11.798] [bmv2] [T] [thread 10679] [7.0] [cxt 0] Bytes parsed: 54
[08:13:11.798] [bmv2] [D] [thread 10679] [7.0] [cxt 0] Parser 'parser': end
[08:13:11.798] [bmv2] [D] [thread 10679] [7.0] [cxt 0] Pipeline 'ingress': start
[08:13:11.798] [bmv2] [T] [thread 10679] [7.0] [cxt 0] ioam_demo.p4(281) Condition "hdr.ipv6.isValid()" is true
[08:13:11.798] [bmv2] [T] [thread 10679] [7.0] [cxt 0] Applying table 'ipv6_lpm'
[08:13:11.798] [bmv2] [D] [thread 10679] [7.0] [cxt 0] Looking up key:
* ipv6.dstAddr        : ff0200000000000000000000000000fb

[08:13:11.798] [bmv2] [D] [thread 10679] [7.0] [cxt 0] Table 'ipv6_lpm': miss
[08:13:11.798] [bmv2] [D] [thread 10679] [7.0] [cxt 0] Action entry is NoAction - 
[08:13:11.798] [bmv2] [T] [thread 10679] [7.0] [cxt 0] Action NoAction
[08:13:11.798] [bmv2] [D] [thread 10679] [7.0] [cxt 0] Pipeline 'ingress': end
[08:13:11.798] [bmv2] [D] [thread 10679] [7.0] [cxt 0] Egress port is 0
[08:13:11.798] [bmv2] [D] [thread 10680] [7.0] [cxt 0] Pipeline 'egress': start
[08:13:11.798] [bmv2] [D] [thread 10680] [7.0] [cxt 0] Pipeline 'egress': end
[08:13:11.798] [bmv2] [D] [thread 10680] [7.0] [cxt 0] Deparser 'deparser': start
[08:13:11.798] [bmv2] [D] [thread 10680] [7.0] [cxt 0] Deparsing header 'ethernet'
[08:13:11.798] [bmv2] [D] [thread 10680] [7.0] [cxt 0] Deparsing header 'ipv6'
[08:13:11.798] [bmv2] [D] [thread 10680] [7.0] [cxt 0] Deparser 'deparser': end
[08:13:11.798] [bmv2] [D] [thread 10684] [7.0] [cxt 0] Transmitting packet of size 107 out of port 0
[08:13:11.858] [bmv2] [D] [thread 10679] [8.0] [cxt 0] Processing packet received on port 2
[08:13:11.858] [bmv2] [D] [thread 10679] [8.0] [cxt 0] Parser 'parser': start
[08:13:11.858] [bmv2] [D] [thread 10679] [8.0] [cxt 0] Extracting header 'ethernet'
[08:13:11.858] [bmv2] [D] [thread 10679] [8.0] [cxt 0] Parser state 'start': key is 86dd
[08:13:11.858] [bmv2] [T] [thread 10679] [8.0] [cxt 0] Bytes parsed: 14
[08:13:11.858] [bmv2] [D] [thread 10679] [8.0] [cxt 0] Extracting header 'ipv6'
[08:13:11.858] [bmv2] [D] [thread 10679] [8.0] [cxt 0] Parser set: setting field 'parser_metadata.ipv6_nextproto' from field 'ipv6.nextHdr' (17)
[08:13:11.858] [bmv2] [D] [thread 10679] [8.0] [cxt 0] Parser state 'parse_ipv6': key is 11
[08:13:11.858] [bmv2] [T] [thread 10679] [8.0] [cxt 0] Bytes parsed: 54
[08:13:11.858] [bmv2] [D] [thread 10679] [8.0] [cxt 0] Parser 'parser': end
[08:13:11.858] [bmv2] [D] [thread 10679] [8.0] [cxt 0] Pipeline 'ingress': start
[08:13:11.858] [bmv2] [T] [thread 10679] [8.0] [cxt 0] ioam_demo.p4(281) Condition "hdr.ipv6.isValid()" is true
[08:13:11.858] [bmv2] [T] [thread 10679] [8.0] [cxt 0] Applying table 'ipv6_lpm'
[08:13:11.858] [bmv2] [D] [thread 10679] [8.0] [cxt 0] Looking up key:
* ipv6.dstAddr        : ff0200000000000000000000000000fb

[08:13:11.858] [bmv2] [D] [thread 10679] [8.0] [cxt 0] Table 'ipv6_lpm': miss
[08:13:11.858] [bmv2] [D] [thread 10679] [8.0] [cxt 0] Action entry is NoAction - 
[08:13:11.858] [bmv2] [T] [thread 10679] [8.0] [cxt 0] Action NoAction
[08:13:11.858] [bmv2] [D] [thread 10679] [8.0] [cxt 0] Pipeline 'ingress': end
[08:13:11.858] [bmv2] [D] [thread 10679] [8.0] [cxt 0] Egress port is 0
[08:13:11.858] [bmv2] [D] [thread 10680] [8.0] [cxt 0] Pipeline 'egress': start
[08:13:11.858] [bmv2] [D] [thread 10680] [8.0] [cxt 0] Pipeline 'egress': end
[08:13:11.858] [bmv2] [D] [thread 10680] [8.0] [cxt 0] Deparser 'deparser': start
[08:13:11.858] [bmv2] [D] [thread 10680] [8.0] [cxt 0] Deparsing header 'ethernet'
[08:13:11.858] [bmv2] [D] [thread 10680] [8.0] [cxt 0] Deparsing header 'ipv6'
[08:13:11.858] [bmv2] [D] [thread 10680] [8.0] [cxt 0] Deparser 'deparser': end
[08:13:11.858] [bmv2] [D] [thread 10684] [8.0] [cxt 0] Transmitting packet of size 213 out of port 0
[08:13:12.059] [bmv2] [D] [thread 10679] [9.0] [cxt 0] Processing packet received on port 2
[08:13:12.059] [bmv2] [D] [thread 10679] [9.0] [cxt 0] Parser 'parser': start
[08:13:12.059] [bmv2] [D] [thread 10679] [9.0] [cxt 0] Extracting header 'ethernet'
[08:13:12.059] [bmv2] [D] [thread 10679] [9.0] [cxt 0] Parser state 'start': key is 86dd
[08:13:12.059] [bmv2] [T] [thread 10679] [9.0] [cxt 0] Bytes parsed: 14
[08:13:12.059] [bmv2] [D] [thread 10679] [9.0] [cxt 0] Extracting header 'ipv6'
[08:13:12.059] [bmv2] [D] [thread 10679] [9.0] [cxt 0] Parser set: setting field 'parser_metadata.ipv6_nextproto' from field 'ipv6.nextHdr' (17)
[08:13:12.059] [bmv2] [D] [thread 10679] [9.0] [cxt 0] Parser state 'parse_ipv6': key is 11
[08:13:12.059] [bmv2] [T] [thread 10679] [9.0] [cxt 0] Bytes parsed: 54
[08:13:12.059] [bmv2] [D] [thread 10679] [9.0] [cxt 0] Parser 'parser': end
[08:13:12.059] [bmv2] [D] [thread 10679] [9.0] [cxt 0] Pipeline 'ingress': start
[08:13:12.059] [bmv2] [T] [thread 10679] [9.0] [cxt 0] ioam_demo.p4(281) Condition "hdr.ipv6.isValid()" is true
[08:13:12.059] [bmv2] [T] [thread 10679] [9.0] [cxt 0] Applying table 'ipv6_lpm'
[08:13:12.059] [bmv2] [D] [thread 10679] [9.0] [cxt 0] Looking up key:
* ipv6.dstAddr        : ff0200000000000000000000000000fb

[08:13:12.059] [bmv2] [D] [thread 10679] [9.0] [cxt 0] Table 'ipv6_lpm': miss
[08:13:12.059] [bmv2] [D] [thread 10679] [9.0] [cxt 0] Action entry is NoAction - 
[08:13:12.059] [bmv2] [T] [thread 10679] [9.0] [cxt 0] Action NoAction
[08:13:12.059] [bmv2] [D] [thread 10679] [9.0] [cxt 0] Pipeline 'ingress': end
[08:13:12.059] [bmv2] [D] [thread 10679] [9.0] [cxt 0] Egress port is 0
[08:13:12.059] [bmv2] [D] [thread 10680] [9.0] [cxt 0] Pipeline 'egress': start
[08:13:12.059] [bmv2] [D] [thread 10680] [9.0] [cxt 0] Pipeline 'egress': end
[08:13:12.059] [bmv2] [D] [thread 10680] [9.0] [cxt 0] Deparser 'deparser': start
[08:13:12.059] [bmv2] [D] [thread 10680] [9.0] [cxt 0] Deparsing header 'ethernet'
[08:13:12.059] [bmv2] [D] [thread 10680] [9.0] [cxt 0] Deparsing header 'ipv6'
[08:13:12.059] [bmv2] [D] [thread 10680] [9.0] [cxt 0] Deparser 'deparser': end
[08:13:12.059] [bmv2] [D] [thread 10684] [9.0] [cxt 0] Transmitting packet of size 201 out of port 0
[08:13:12.185] [bmv2] [D] [thread 10679] [10.0] [cxt 0] Processing packet received on port 2
[08:13:12.185] [bmv2] [D] [thread 10679] [10.0] [cxt 0] Parser 'parser': start
[08:13:12.185] [bmv2] [D] [thread 10679] [10.0] [cxt 0] Extracting header 'ethernet'
[08:13:12.185] [bmv2] [D] [thread 10679] [10.0] [cxt 0] Parser state 'start': key is 86dd
[08:13:12.185] [bmv2] [T] [thread 10679] [10.0] [cxt 0] Bytes parsed: 14
[08:13:12.185] [bmv2] [D] [thread 10679] [10.0] [cxt 0] Extracting header 'ipv6'
[08:13:12.185] [bmv2] [D] [thread 10679] [10.0] [cxt 0] Parser set: setting field 'parser_metadata.ipv6_nextproto' from field 'ipv6.nextHdr' (17)
[08:13:12.185] [bmv2] [D] [thread 10679] [10.0] [cxt 0] Parser state 'parse_ipv6': key is 11
[08:13:12.185] [bmv2] [T] [thread 10679] [10.0] [cxt 0] Bytes parsed: 54
[08:13:12.185] [bmv2] [D] [thread 10679] [10.0] [cxt 0] Parser 'parser': end
[08:13:12.185] [bmv2] [D] [thread 10679] [10.0] [cxt 0] Pipeline 'ingress': start
[08:13:12.185] [bmv2] [T] [thread 10679] [10.0] [cxt 0] ioam_demo.p4(281) Condition "hdr.ipv6.isValid()" is true
[08:13:12.185] [bmv2] [T] [thread 10679] [10.0] [cxt 0] Applying table 'ipv6_lpm'
[08:13:12.185] [bmv2] [D] [thread 10679] [10.0] [cxt 0] Looking up key:
* ipv6.dstAddr        : ff0200000000000000000000000000fb

[08:13:12.185] [bmv2] [D] [thread 10679] [10.0] [cxt 0] Table 'ipv6_lpm': miss
[08:13:12.185] [bmv2] [D] [thread 10679] [10.0] [cxt 0] Action entry is NoAction - 
[08:13:12.185] [bmv2] [T] [thread 10679] [10.0] [cxt 0] Action NoAction
[08:13:12.185] [bmv2] [D] [thread 10679] [10.0] [cxt 0] Pipeline 'ingress': end
[08:13:12.185] [bmv2] [D] [thread 10679] [10.0] [cxt 0] Egress port is 0
[08:13:12.185] [bmv2] [D] [thread 10680] [10.0] [cxt 0] Pipeline 'egress': start
[08:13:12.185] [bmv2] [D] [thread 10680] [10.0] [cxt 0] Pipeline 'egress': end
[08:13:12.185] [bmv2] [D] [thread 10680] [10.0] [cxt 0] Deparser 'deparser': start
[08:13:12.185] [bmv2] [D] [thread 10680] [10.0] [cxt 0] Deparsing header 'ethernet'
[08:13:12.185] [bmv2] [D] [thread 10680] [10.0] [cxt 0] Deparsing header 'ipv6'
[08:13:12.185] [bmv2] [D] [thread 10680] [10.0] [cxt 0] Deparser 'deparser': end
[08:13:12.185] [bmv2] [D] [thread 10684] [10.0] [cxt 0] Transmitting packet of size 107 out of port 0
[08:13:12.515] [bmv2] [D] [thread 10679] [11.0] [cxt 0] Processing packet received on port 1
[08:13:12.515] [bmv2] [D] [thread 10679] [11.0] [cxt 0] Parser 'parser': start
[08:13:12.515] [bmv2] [D] [thread 10679] [11.0] [cxt 0] Extracting header 'ethernet'
[08:13:12.515] [bmv2] [D] [thread 10679] [11.0] [cxt 0] Parser state 'start': key is 86dd
[08:13:12.515] [bmv2] [T] [thread 10679] [11.0] [cxt 0] Bytes parsed: 14
[08:13:12.515] [bmv2] [D] [thread 10679] [11.0] [cxt 0] Extracting header 'ipv6'
[08:13:12.515] [bmv2] [D] [thread 10679] [11.0] [cxt 0] Parser set: setting field 'parser_metadata.ipv6_nextproto' from field 'ipv6.nextHdr' (17)
[08:13:12.515] [bmv2] [D] [thread 10679] [11.0] [cxt 0] Parser state 'parse_ipv6': key is 11
[08:13:12.515] [bmv2] [T] [thread 10679] [11.0] [cxt 0] Bytes parsed: 54
[08:13:12.515] [bmv2] [D] [thread 10679] [11.0] [cxt 0] Parser 'parser': end
[08:13:12.515] [bmv2] [D] [thread 10679] [11.0] [cxt 0] Pipeline 'ingress': start
[08:13:12.515] [bmv2] [T] [thread 10679] [11.0] [cxt 0] ioam_demo.p4(281) Condition "hdr.ipv6.isValid()" is true
[08:13:12.515] [bmv2] [T] [thread 10679] [11.0] [cxt 0] Applying table 'ipv6_lpm'
[08:13:12.515] [bmv2] [D] [thread 10679] [11.0] [cxt 0] Looking up key:
* ipv6.dstAddr        : ff0200000000000000000000000000fb

[08:13:12.515] [bmv2] [D] [thread 10679] [11.0] [cxt 0] Table 'ipv6_lpm': miss
[08:13:12.515] [bmv2] [D] [thread 10679] [11.0] [cxt 0] Action entry is NoAction - 
[08:13:12.515] [bmv2] [T] [thread 10679] [11.0] [cxt 0] Action NoAction
[08:13:12.515] [bmv2] [D] [thread 10679] [11.0] [cxt 0] Pipeline 'ingress': end
[08:13:12.515] [bmv2] [D] [thread 10679] [11.0] [cxt 0] Egress port is 0
[08:13:12.515] [bmv2] [D] [thread 10680] [11.0] [cxt 0] Pipeline 'egress': start
[08:13:12.515] [bmv2] [D] [thread 10680] [11.0] [cxt 0] Pipeline 'egress': end
[08:13:12.515] [bmv2] [D] [thread 10680] [11.0] [cxt 0] Deparser 'deparser': start
[08:13:12.515] [bmv2] [D] [thread 10680] [11.0] [cxt 0] Deparsing header 'ethernet'
[08:13:12.515] [bmv2] [D] [thread 10680] [11.0] [cxt 0] Deparsing header 'ipv6'
[08:13:12.515] [bmv2] [D] [thread 10680] [11.0] [cxt 0] Deparser 'deparser': end
[08:13:12.515] [bmv2] [D] [thread 10684] [11.0] [cxt 0] Transmitting packet of size 201 out of port 0
[08:13:12.834] [bmv2] [D] [thread 10679] [12.0] [cxt 0] Processing packet received on port 3
[08:13:12.834] [bmv2] [D] [thread 10679] [12.0] [cxt 0] Parser 'parser': start
[08:13:12.834] [bmv2] [D] [thread 10679] [12.0] [cxt 0] Extracting header 'ethernet'
[08:13:12.834] [bmv2] [D] [thread 10679] [12.0] [cxt 0] Parser state 'start': key is 86dd
[08:13:12.834] [bmv2] [T] [thread 10679] [12.0] [cxt 0] Bytes parsed: 14
[08:13:12.834] [bmv2] [D] [thread 10679] [12.0] [cxt 0] Extracting header 'ipv6'
[08:13:12.834] [bmv2] [D] [thread 10679] [12.0] [cxt 0] Parser set: setting field 'parser_metadata.ipv6_nextproto' from field 'ipv6.nextHdr' (17)
[08:13:12.834] [bmv2] [D] [thread 10679] [12.0] [cxt 0] Parser state 'parse_ipv6': key is 11
[08:13:12.834] [bmv2] [T] [thread 10679] [12.0] [cxt 0] Bytes parsed: 54
[08:13:12.834] [bmv2] [D] [thread 10679] [12.0] [cxt 0] Parser 'parser': end
[08:13:12.834] [bmv2] [D] [thread 10679] [12.0] [cxt 0] Pipeline 'ingress': start
[08:13:12.834] [bmv2] [T] [thread 10679] [12.0] [cxt 0] ioam_demo.p4(281) Condition "hdr.ipv6.isValid()" is true
[08:13:12.834] [bmv2] [T] [thread 10679] [12.0] [cxt 0] Applying table 'ipv6_lpm'
[08:13:12.834] [bmv2] [D] [thread 10679] [12.0] [cxt 0] Looking up key:
* ipv6.dstAddr        : ff0200000000000000000000000000fb

[08:13:12.834] [bmv2] [D] [thread 10679] [12.0] [cxt 0] Table 'ipv6_lpm': miss
[08:13:12.834] [bmv2] [D] [thread 10679] [12.0] [cxt 0] Action entry is NoAction - 
[08:13:12.834] [bmv2] [T] [thread 10679] [12.0] [cxt 0] Action NoAction
[08:13:12.834] [bmv2] [D] [thread 10679] [12.0] [cxt 0] Pipeline 'ingress': end
[08:13:12.834] [bmv2] [D] [thread 10679] [12.0] [cxt 0] Egress port is 0
[08:13:12.834] [bmv2] [D] [thread 10680] [12.0] [cxt 0] Pipeline 'egress': start
[08:13:12.834] [bmv2] [D] [thread 10680] [12.0] [cxt 0] Pipeline 'egress': end
[08:13:12.834] [bmv2] [D] [thread 10680] [12.0] [cxt 0] Deparser 'deparser': start
[08:13:12.834] [bmv2] [D] [thread 10680] [12.0] [cxt 0] Deparsing header 'ethernet'
[08:13:12.834] [bmv2] [D] [thread 10680] [12.0] [cxt 0] Deparsing header 'ipv6'
[08:13:12.834] [bmv2] [D] [thread 10680] [12.0] [cxt 0] Deparser 'deparser': end
[08:13:12.834] [bmv2] [D] [thread 10684] [12.0] [cxt 0] Transmitting packet of size 201 out of port 0
[08:13:12.894] [bmv2] [D] [thread 10679] [13.0] [cxt 0] Processing packet received on port 2
[08:13:12.894] [bmv2] [D] [thread 10679] [13.0] [cxt 0] Parser 'parser': start
[08:13:12.894] [bmv2] [D] [thread 10679] [13.0] [cxt 0] Extracting header 'ethernet'
[08:13:12.894] [bmv2] [D] [thread 10679] [13.0] [cxt 0] Parser state 'start': key is 86dd
[08:13:12.894] [bmv2] [T] [thread 10679] [13.0] [cxt 0] Bytes parsed: 14
[08:13:12.894] [bmv2] [D] [thread 10679] [13.0] [cxt 0] Extracting header 'ipv6'
[08:13:12.894] [bmv2] [D] [thread 10679] [13.0] [cxt 0] Parser set: setting field 'parser_metadata.ipv6_nextproto' from field 'ipv6.nextHdr' (17)
[08:13:12.894] [bmv2] [D] [thread 10679] [13.0] [cxt 0] Parser state 'parse_ipv6': key is 11
[08:13:12.894] [bmv2] [T] [thread 10679] [13.0] [cxt 0] Bytes parsed: 54
[08:13:12.894] [bmv2] [D] [thread 10679] [13.0] [cxt 0] Parser 'parser': end
[08:13:12.894] [bmv2] [D] [thread 10679] [13.0] [cxt 0] Pipeline 'ingress': start
[08:13:12.894] [bmv2] [T] [thread 10679] [13.0] [cxt 0] ioam_demo.p4(281) Condition "hdr.ipv6.isValid()" is true
[08:13:12.894] [bmv2] [T] [thread 10679] [13.0] [cxt 0] Applying table 'ipv6_lpm'
[08:13:12.894] [bmv2] [D] [thread 10679] [13.0] [cxt 0] Looking up key:
* ipv6.dstAddr        : ff0200000000000000000000000000fb

[08:13:12.894] [bmv2] [D] [thread 10679] [13.0] [cxt 0] Table 'ipv6_lpm': miss
[08:13:12.894] [bmv2] [D] [thread 10679] [13.0] [cxt 0] Action entry is NoAction - 
[08:13:12.894] [bmv2] [T] [thread 10679] [13.0] [cxt 0] Action NoAction
[08:13:12.894] [bmv2] [D] [thread 10679] [13.0] [cxt 0] Pipeline 'ingress': end
[08:13:12.894] [bmv2] [D] [thread 10679] [13.0] [cxt 0] Egress port is 0
[08:13:12.895] [bmv2] [D] [thread 10680] [13.0] [cxt 0] Pipeline 'egress': start
[08:13:12.895] [bmv2] [D] [thread 10680] [13.0] [cxt 0] Pipeline 'egress': end
[08:13:12.895] [bmv2] [D] [thread 10680] [13.0] [cxt 0] Deparser 'deparser': start
[08:13:12.895] [bmv2] [D] [thread 10680] [13.0] [cxt 0] Deparsing header 'ethernet'
[08:13:12.895] [bmv2] [D] [thread 10680] [13.0] [cxt 0] Deparsing header 'ipv6'
[08:13:12.895] [bmv2] [D] [thread 10680] [13.0] [cxt 0] Deparser 'deparser': end
[08:13:12.895] [bmv2] [D] [thread 10684] [13.0] [cxt 0] Transmitting packet of size 201 out of port 0
[08:13:12.963] [bmv2] [D] [thread 10679] [14.0] [cxt 0] Processing packet received on port 3
[08:13:12.963] [bmv2] [D] [thread 10679] [14.0] [cxt 0] Parser 'parser': start
[08:13:12.963] [bmv2] [D] [thread 10679] [14.0] [cxt 0] Extracting header 'ethernet'
[08:13:12.963] [bmv2] [D] [thread 10679] [14.0] [cxt 0] Parser state 'start': key is 86dd
[08:13:12.963] [bmv2] [T] [thread 10679] [14.0] [cxt 0] Bytes parsed: 14
[08:13:12.963] [bmv2] [D] [thread 10679] [14.0] [cxt 0] Extracting header 'ipv6'
[08:13:12.963] [bmv2] [D] [thread 10679] [14.0] [cxt 0] Parser set: setting field 'parser_metadata.ipv6_nextproto' from field 'ipv6.nextHdr' (17)
[08:13:12.963] [bmv2] [D] [thread 10679] [14.0] [cxt 0] Parser state 'parse_ipv6': key is 11
[08:13:12.963] [bmv2] [T] [thread 10679] [14.0] [cxt 0] Bytes parsed: 54
[08:13:12.963] [bmv2] [D] [thread 10679] [14.0] [cxt 0] Parser 'parser': end
[08:13:12.963] [bmv2] [D] [thread 10679] [14.0] [cxt 0] Pipeline 'ingress': start
[08:13:12.963] [bmv2] [T] [thread 10679] [14.0] [cxt 0] ioam_demo.p4(281) Condition "hdr.ipv6.isValid()" is true
[08:13:12.963] [bmv2] [T] [thread 10679] [14.0] [cxt 0] Applying table 'ipv6_lpm'
[08:13:12.963] [bmv2] [D] [thread 10679] [14.0] [cxt 0] Looking up key:
* ipv6.dstAddr        : ff0200000000000000000000000000fb

[08:13:12.963] [bmv2] [D] [thread 10679] [14.0] [cxt 0] Table 'ipv6_lpm': miss
[08:13:12.963] [bmv2] [D] [thread 10679] [14.0] [cxt 0] Action entry is NoAction - 
[08:13:12.963] [bmv2] [T] [thread 10679] [14.0] [cxt 0] Action NoAction
[08:13:12.963] [bmv2] [D] [thread 10679] [14.0] [cxt 0] Pipeline 'ingress': end
[08:13:12.963] [bmv2] [D] [thread 10679] [14.0] [cxt 0] Egress port is 0
[08:13:12.963] [bmv2] [D] [thread 10680] [14.0] [cxt 0] Pipeline 'egress': start
[08:13:12.963] [bmv2] [D] [thread 10680] [14.0] [cxt 0] Pipeline 'egress': end
[08:13:12.963] [bmv2] [D] [thread 10680] [14.0] [cxt 0] Deparser 'deparser': start
[08:13:12.963] [bmv2] [D] [thread 10680] [14.0] [cxt 0] Deparsing header 'ethernet'
[08:13:12.963] [bmv2] [D] [thread 10680] [14.0] [cxt 0] Deparsing header 'ipv6'
[08:13:12.963] [bmv2] [D] [thread 10680] [14.0] [cxt 0] Deparser 'deparser': end
[08:13:12.963] [bmv2] [D] [thread 10684] [14.0] [cxt 0] Transmitting packet of size 201 out of port 0
[08:13:13.283] [bmv2] [D] [thread 10679] [15.0] [cxt 0] Processing packet received on port 2
[08:13:13.283] [bmv2] [D] [thread 10679] [15.0] [cxt 0] Parser 'parser': start
[08:13:13.283] [bmv2] [D] [thread 10679] [15.0] [cxt 0] Extracting header 'ethernet'
[08:13:13.283] [bmv2] [D] [thread 10679] [15.0] [cxt 0] Parser state 'start': key is 86dd
[08:13:13.283] [bmv2] [T] [thread 10679] [15.0] [cxt 0] Bytes parsed: 14
[08:13:13.283] [bmv2] [D] [thread 10679] [15.0] [cxt 0] Extracting header 'ipv6'
[08:13:13.283] [bmv2] [D] [thread 10679] [15.0] [cxt 0] Parser set: setting field 'parser_metadata.ipv6_nextproto' from field 'ipv6.nextHdr' (17)
[08:13:13.283] [bmv2] [D] [thread 10679] [15.0] [cxt 0] Parser state 'parse_ipv6': key is 11
[08:13:13.283] [bmv2] [T] [thread 10679] [15.0] [cxt 0] Bytes parsed: 54
[08:13:13.283] [bmv2] [D] [thread 10679] [15.0] [cxt 0] Parser 'parser': end
[08:13:13.283] [bmv2] [D] [thread 10679] [15.0] [cxt 0] Pipeline 'ingress': start
[08:13:13.283] [bmv2] [T] [thread 10679] [15.0] [cxt 0] ioam_demo.p4(281) Condition "hdr.ipv6.isValid()" is true
[08:13:13.283] [bmv2] [T] [thread 10679] [15.0] [cxt 0] Applying table 'ipv6_lpm'
[08:13:13.283] [bmv2] [D] [thread 10679] [15.0] [cxt 0] Looking up key:
* ipv6.dstAddr        : ff0200000000000000000000000000fb

[08:13:13.283] [bmv2] [D] [thread 10679] [15.0] [cxt 0] Table 'ipv6_lpm': miss
[08:13:13.283] [bmv2] [D] [thread 10679] [15.0] [cxt 0] Action entry is NoAction - 
[08:13:13.283] [bmv2] [T] [thread 10679] [15.0] [cxt 0] Action NoAction
[08:13:13.283] [bmv2] [D] [thread 10679] [15.0] [cxt 0] Pipeline 'ingress': end
[08:13:13.283] [bmv2] [D] [thread 10679] [15.0] [cxt 0] Egress port is 0
[08:13:13.283] [bmv2] [D] [thread 10680] [15.0] [cxt 0] Pipeline 'egress': start
[08:13:13.283] [bmv2] [D] [thread 10680] [15.0] [cxt 0] Pipeline 'egress': end
[08:13:13.283] [bmv2] [D] [thread 10680] [15.0] [cxt 0] Deparser 'deparser': start
[08:13:13.283] [bmv2] [D] [thread 10680] [15.0] [cxt 0] Deparsing header 'ethernet'
[08:13:13.283] [bmv2] [D] [thread 10680] [15.0] [cxt 0] Deparsing header 'ipv6'
[08:13:13.283] [bmv2] [D] [thread 10680] [15.0] [cxt 0] Deparser 'deparser': end
[08:13:13.283] [bmv2] [D] [thread 10684] [15.0] [cxt 0] Transmitting packet of size 201 out of port 0
[08:13:13.420] [bmv2] [D] [thread 10679] [16.0] [cxt 0] Processing packet received on port 1
[08:13:13.420] [bmv2] [D] [thread 10679] [16.0] [cxt 0] Parser 'parser': start
[08:13:13.420] [bmv2] [D] [thread 10679] [16.0] [cxt 0] Extracting header 'ethernet'
[08:13:13.420] [bmv2] [D] [thread 10679] [16.0] [cxt 0] Parser state 'start': key is 86dd
[08:13:13.420] [bmv2] [T] [thread 10679] [16.0] [cxt 0] Bytes parsed: 14
[08:13:13.420] [bmv2] [D] [thread 10679] [16.0] [cxt 0] Extracting header 'ipv6'
[08:13:13.420] [bmv2] [D] [thread 10679] [16.0] [cxt 0] Parser set: setting field 'parser_metadata.ipv6_nextproto' from field 'ipv6.nextHdr' (17)
[08:13:13.420] [bmv2] [D] [thread 10679] [16.0] [cxt 0] Parser state 'parse_ipv6': key is 11
[08:13:13.420] [bmv2] [T] [thread 10679] [16.0] [cxt 0] Bytes parsed: 54
[08:13:13.420] [bmv2] [D] [thread 10679] [16.0] [cxt 0] Parser 'parser': end
[08:13:13.420] [bmv2] [D] [thread 10679] [16.0] [cxt 0] Pipeline 'ingress': start
[08:13:13.420] [bmv2] [T] [thread 10679] [16.0] [cxt 0] ioam_demo.p4(281) Condition "hdr.ipv6.isValid()" is true
[08:13:13.420] [bmv2] [T] [thread 10679] [16.0] [cxt 0] Applying table 'ipv6_lpm'
[08:13:13.420] [bmv2] [D] [thread 10679] [16.0] [cxt 0] Looking up key:
* ipv6.dstAddr        : ff0200000000000000000000000000fb

[08:13:13.420] [bmv2] [D] [thread 10679] [16.0] [cxt 0] Table 'ipv6_lpm': miss
[08:13:13.420] [bmv2] [D] [thread 10679] [16.0] [cxt 0] Action entry is NoAction - 
[08:13:13.420] [bmv2] [T] [thread 10679] [16.0] [cxt 0] Action NoAction
[08:13:13.420] [bmv2] [D] [thread 10679] [16.0] [cxt 0] Pipeline 'ingress': end
[08:13:13.420] [bmv2] [D] [thread 10679] [16.0] [cxt 0] Egress port is 0
[08:13:13.420] [bmv2] [D] [thread 10680] [16.0] [cxt 0] Pipeline 'egress': start
[08:13:13.420] [bmv2] [D] [thread 10680] [16.0] [cxt 0] Pipeline 'egress': end
[08:13:13.420] [bmv2] [D] [thread 10680] [16.0] [cxt 0] Deparser 'deparser': start
[08:13:13.420] [bmv2] [D] [thread 10680] [16.0] [cxt 0] Deparsing header 'ethernet'
[08:13:13.420] [bmv2] [D] [thread 10680] [16.0] [cxt 0] Deparsing header 'ipv6'
[08:13:13.420] [bmv2] [D] [thread 10680] [16.0] [cxt 0] Deparser 'deparser': end
[08:13:13.420] [bmv2] [D] [thread 10684] [16.0] [cxt 0] Transmitting packet of size 107 out of port 0
[08:13:13.492] [bmv2] [D] [thread 10679] [17.0] [cxt 0] Processing packet received on port 1
[08:13:13.492] [bmv2] [D] [thread 10679] [17.0] [cxt 0] Parser 'parser': start
[08:13:13.492] [bmv2] [D] [thread 10679] [17.0] [cxt 0] Extracting header 'ethernet'
[08:13:13.492] [bmv2] [D] [thread 10679] [17.0] [cxt 0] Parser state 'start': key is 86dd
[08:13:13.493] [bmv2] [T] [thread 10679] [17.0] [cxt 0] Bytes parsed: 14
[08:13:13.493] [bmv2] [D] [thread 10679] [17.0] [cxt 0] Extracting header 'ipv6'
[08:13:13.493] [bmv2] [D] [thread 10679] [17.0] [cxt 0] Parser set: setting field 'parser_metadata.ipv6_nextproto' from field 'ipv6.nextHdr' (0)
[08:13:13.493] [bmv2] [D] [thread 10679] [17.0] [cxt 0] Parser state 'parse_ipv6': key is 00
[08:13:13.493] [bmv2] [T] [thread 10679] [17.0] [cxt 0] Bytes parsed: 54
[08:13:13.493] [bmv2] [D] [thread 10679] [17.0] [cxt 0] Extracting header 'ip6_hop_by_hop_header'
[08:13:13.493] [bmv2] [D] [thread 10679] [17.0] [cxt 0] Parser set: setting field 'parser_metadata.nextprotocol' from field 'ip6_hop_by_hop_header.protocol' (58)
[08:13:13.493] [bmv2] [D] [thread 10679] [17.0] [cxt 0] Parser set: setting field 'parser_metadata.nextlength' from field 'ip6_hop_by_hop_header.length' (0)
[08:13:13.493] [bmv2] [D] [thread 10679] [17.0] [cxt 0] Extracting header 'ip6_hop_by_hop_option'
[08:13:13.493] [bmv2] [D] [thread 10679] [17.0] [cxt 0] Parser state 'parse_ipv6_hop_by_hop': key is 05
[08:13:13.493] [bmv2] [T] [thread 10679] [17.0] [cxt 0] Bytes parsed: 58
[08:13:13.493] [bmv2] [D] [thread 10679] [17.0] [cxt 0] Parser 'parser': end
[08:13:13.493] [bmv2] [D] [thread 10679] [17.0] [cxt 0] Pipeline 'ingress': start
[08:13:13.493] [bmv2] [T] [thread 10679] [17.0] [cxt 0] ioam_demo.p4(281) Condition "hdr.ipv6.isValid()" is true
[08:13:13.493] [bmv2] [T] [thread 10679] [17.0] [cxt 0] Applying table 'ipv6_lpm'
[08:13:13.493] [bmv2] [D] [thread 10679] [17.0] [cxt 0] Looking up key:
* ipv6.dstAddr        : ff020000000000000000000000000016

[08:13:13.493] [bmv2] [D] [thread 10679] [17.0] [cxt 0] Table 'ipv6_lpm': miss
[08:13:13.493] [bmv2] [D] [thread 10679] [17.0] [cxt 0] Action entry is NoAction - 
[08:13:13.493] [bmv2] [T] [thread 10679] [17.0] [cxt 0] Action NoAction
[08:13:13.493] [bmv2] [D] [thread 10679] [17.0] [cxt 0] Pipeline 'ingress': end
[08:13:13.493] [bmv2] [D] [thread 10679] [17.0] [cxt 0] Egress port is 0
[08:13:13.493] [bmv2] [D] [thread 10679] [18.0] [cxt 0] Processing packet received on port 1
[08:13:13.493] [bmv2] [D] [thread 10679] [18.0] [cxt 0] Parser 'parser': start
[08:13:13.493] [bmv2] [D] [thread 10679] [18.0] [cxt 0] Extracting header 'ethernet'
[08:13:13.493] [bmv2] [D] [thread 10679] [18.0] [cxt 0] Parser state 'start': key is 86dd
[08:13:13.493] [bmv2] [T] [thread 10679] [18.0] [cxt 0] Bytes parsed: 14
[08:13:13.493] [bmv2] [D] [thread 10679] [18.0] [cxt 0] Extracting header 'ipv6'
[08:13:13.493] [bmv2] [D] [thread 10679] [18.0] [cxt 0] Parser set: setting field 'parser_metadata.ipv6_nextproto' from field 'ipv6.nextHdr' (0)
[08:13:13.493] [bmv2] [D] [thread 10679] [18.0] [cxt 0] Parser state 'parse_ipv6': key is 00
[08:13:13.493] [bmv2] [T] [thread 10679] [18.0] [cxt 0] Bytes parsed: 54
[08:13:13.493] [bmv2] [D] [thread 10679] [18.0] [cxt 0] Extracting header 'ip6_hop_by_hop_header'
[08:13:13.493] [bmv2] [D] [thread 10679] [18.0] [cxt 0] Parser set: setting field 'parser_metadata.nextprotocol' from field 'ip6_hop_by_hop_header.protocol' (58)
[08:13:13.493] [bmv2] [D] [thread 10679] [18.0] [cxt 0] Parser set: setting field 'parser_metadata.nextlength' from field 'ip6_hop_by_hop_header.length' (0)
[08:13:13.493] [bmv2] [D] [thread 10679] [18.0] [cxt 0] Extracting header 'ip6_hop_by_hop_option'
[08:13:13.493] [bmv2] [D] [thread 10679] [18.0] [cxt 0] Parser state 'parse_ipv6_hop_by_hop': key is 05
[08:13:13.493] [bmv2] [T] [thread 10679] [18.0] [cxt 0] Bytes parsed: 58
[08:13:13.493] [bmv2] [D] [thread 10679] [18.0] [cxt 0] Parser 'parser': end
[08:13:13.493] [bmv2] [D] [thread 10679] [18.0] [cxt 0] Pipeline 'ingress': start
[08:13:13.493] [bmv2] [T] [thread 10679] [18.0] [cxt 0] ioam_demo.p4(281) Condition "hdr.ipv6.isValid()" is true
[08:13:13.493] [bmv2] [T] [thread 10679] [18.0] [cxt 0] Applying table 'ipv6_lpm'
[08:13:13.493] [bmv2] [D] [thread 10679] [18.0] [cxt 0] Looking up key:
* ipv6.dstAddr        : ff020000000000000000000000000016

[08:13:13.493] [bmv2] [D] [thread 10679] [18.0] [cxt 0] Table 'ipv6_lpm': miss
[08:13:13.493] [bmv2] [D] [thread 10679] [18.0] [cxt 0] Action entry is NoAction - 
[08:13:13.493] [bmv2] [T] [thread 10679] [18.0] [cxt 0] Action NoAction
[08:13:13.493] [bmv2] [D] [thread 10679] [18.0] [cxt 0] Pipeline 'ingress': end
[08:13:13.493] [bmv2] [D] [thread 10679] [18.0] [cxt 0] Egress port is 0
[08:13:13.493] [bmv2] [D] [thread 10680] [17.0] [cxt 0] Pipeline 'egress': start
[08:13:13.493] [bmv2] [D] [thread 10680] [17.0] [cxt 0] Pipeline 'egress': end
[08:13:13.493] [bmv2] [D] [thread 10680] [17.0] [cxt 0] Deparser 'deparser': start
[08:13:13.493] [bmv2] [D] [thread 10680] [17.0] [cxt 0] Deparsing header 'ethernet'
[08:13:13.493] [bmv2] [D] [thread 10680] [17.0] [cxt 0] Deparsing header 'ipv6'
[08:13:13.493] [bmv2] [D] [thread 10680] [17.0] [cxt 0] Deparsing header 'ip6_hop_by_hop_header'
[08:13:13.493] [bmv2] [D] [thread 10680] [17.0] [cxt 0] Deparsing header 'ip6_hop_by_hop_option'
[08:13:13.493] [bmv2] [D] [thread 10680] [17.0] [cxt 0] Deparser 'deparser': end
[08:13:13.493] [bmv2] [D] [thread 10680] [18.0] [cxt 0] Pipeline 'egress': start
[08:13:13.493] [bmv2] [D] [thread 10680] [18.0] [cxt 0] Pipeline 'egress': end
[08:13:13.493] [bmv2] [D] [thread 10680] [18.0] [cxt 0] Deparser 'deparser': start
[08:13:13.493] [bmv2] [D] [thread 10680] [18.0] [cxt 0] Deparsing header 'ethernet'
[08:13:13.493] [bmv2] [D] [thread 10680] [18.0] [cxt 0] Deparsing header 'ipv6'
[08:13:13.493] [bmv2] [D] [thread 10680] [18.0] [cxt 0] Deparsing header 'ip6_hop_by_hop_header'
[08:13:13.493] [bmv2] [D] [thread 10680] [18.0] [cxt 0] Deparsing header 'ip6_hop_by_hop_option'
[08:13:13.493] [bmv2] [D] [thread 10680] [18.0] [cxt 0] Deparser 'deparser': end
[08:13:13.493] [bmv2] [D] [thread 10684] [17.0] [cxt 0] Transmitting packet of size 110 out of port 0
[08:13:13.493] [bmv2] [D] [thread 10684] [18.0] [cxt 0] Transmitting packet of size 90 out of port 0
[08:13:13.541] [bmv2] [D] [thread 10679] [19.0] [cxt 0] Processing packet received on port 1
[08:13:13.541] [bmv2] [D] [thread 10679] [19.0] [cxt 0] Parser 'parser': start
[08:13:13.541] [bmv2] [D] [thread 10679] [19.0] [cxt 0] Extracting header 'ethernet'
[08:13:13.541] [bmv2] [D] [thread 10679] [19.0] [cxt 0] Parser state 'start': key is 86dd
[08:13:13.541] [bmv2] [T] [thread 10679] [19.0] [cxt 0] Bytes parsed: 14
[08:13:13.541] [bmv2] [D] [thread 10679] [19.0] [cxt 0] Extracting header 'ipv6'
[08:13:13.541] [bmv2] [D] [thread 10679] [19.0] [cxt 0] Parser set: setting field 'parser_metadata.ipv6_nextproto' from field 'ipv6.nextHdr' (0)
[08:13:13.541] [bmv2] [D] [thread 10679] [19.0] [cxt 0] Parser state 'parse_ipv6': key is 00
[08:13:13.541] [bmv2] [T] [thread 10679] [19.0] [cxt 0] Bytes parsed: 54
[08:13:13.541] [bmv2] [D] [thread 10679] [19.0] [cxt 0] Extracting header 'ip6_hop_by_hop_header'
[08:13:13.541] [bmv2] [D] [thread 10679] [19.0] [cxt 0] Parser set: setting field 'parser_metadata.nextprotocol' from field 'ip6_hop_by_hop_header.protocol' (58)
[08:13:13.541] [bmv2] [D] [thread 10679] [19.0] [cxt 0] Parser set: setting field 'parser_metadata.nextlength' from field 'ip6_hop_by_hop_header.length' (0)
[08:13:13.541] [bmv2] [D] [thread 10679] [19.0] [cxt 0] Extracting header 'ip6_hop_by_hop_option'
[08:13:13.541] [bmv2] [D] [thread 10679] [19.0] [cxt 0] Parser state 'parse_ipv6_hop_by_hop': key is 05
[08:13:13.541] [bmv2] [T] [thread 10679] [19.0] [cxt 0] Bytes parsed: 58
[08:13:13.541] [bmv2] [D] [thread 10679] [19.0] [cxt 0] Parser 'parser': end
[08:13:13.541] [bmv2] [D] [thread 10679] [19.0] [cxt 0] Pipeline 'ingress': start
[08:13:13.541] [bmv2] [T] [thread 10679] [19.0] [cxt 0] ioam_demo.p4(281) Condition "hdr.ipv6.isValid()" is true
[08:13:13.541] [bmv2] [T] [thread 10679] [19.0] [cxt 0] Applying table 'ipv6_lpm'
[08:13:13.541] [bmv2] [D] [thread 10679] [19.0] [cxt 0] Looking up key:
* ipv6.dstAddr        : ff020000000000000000000000000016

[08:13:13.541] [bmv2] [D] [thread 10679] [19.0] [cxt 0] Table 'ipv6_lpm': miss
[08:13:13.541] [bmv2] [D] [thread 10679] [19.0] [cxt 0] Action entry is NoAction - 
[08:13:13.541] [bmv2] [T] [thread 10679] [19.0] [cxt 0] Action NoAction
[08:13:13.541] [bmv2] [D] [thread 10679] [19.0] [cxt 0] Pipeline 'ingress': end
[08:13:13.541] [bmv2] [D] [thread 10679] [19.0] [cxt 0] Egress port is 0
[08:13:13.541] [bmv2] [D] [thread 10680] [19.0] [cxt 0] Pipeline 'egress': start
[08:13:13.541] [bmv2] [D] [thread 10680] [19.0] [cxt 0] Pipeline 'egress': end
[08:13:13.541] [bmv2] [D] [thread 10680] [19.0] [cxt 0] Deparser 'deparser': start
[08:13:13.541] [bmv2] [D] [thread 10680] [19.0] [cxt 0] Deparsing header 'ethernet'
[08:13:13.541] [bmv2] [D] [thread 10680] [19.0] [cxt 0] Deparsing header 'ipv6'
[08:13:13.541] [bmv2] [D] [thread 10680] [19.0] [cxt 0] Deparsing header 'ip6_hop_by_hop_header'
[08:13:13.541] [bmv2] [D] [thread 10680] [19.0] [cxt 0] Deparsing header 'ip6_hop_by_hop_option'
[08:13:13.541] [bmv2] [D] [thread 10680] [19.0] [cxt 0] Deparser 'deparser': end
[08:13:13.541] [bmv2] [D] [thread 10684] [19.0] [cxt 0] Transmitting packet of size 110 out of port 0
[08:13:13.800] [bmv2] [D] [thread 10679] [20.0] [cxt 0] Processing packet received on port 2
[08:13:13.800] [bmv2] [D] [thread 10679] [20.0] [cxt 0] Parser 'parser': start
[08:13:13.800] [bmv2] [D] [thread 10679] [20.0] [cxt 0] Extracting header 'ethernet'
[08:13:13.800] [bmv2] [D] [thread 10679] [20.0] [cxt 0] Parser state 'start': key is 86dd
[08:13:13.800] [bmv2] [T] [thread 10679] [20.0] [cxt 0] Bytes parsed: 14
[08:13:13.800] [bmv2] [D] [thread 10679] [20.0] [cxt 0] Extracting header 'ipv6'
[08:13:13.800] [bmv2] [D] [thread 10679] [20.0] [cxt 0] Parser set: setting field 'parser_metadata.ipv6_nextproto' from field 'ipv6.nextHdr' (17)
[08:13:13.800] [bmv2] [D] [thread 10679] [20.0] [cxt 0] Parser state 'parse_ipv6': key is 11
[08:13:13.800] [bmv2] [T] [thread 10679] [20.0] [cxt 0] Bytes parsed: 54
[08:13:13.800] [bmv2] [D] [thread 10679] [20.0] [cxt 0] Parser 'parser': end
[08:13:13.800] [bmv2] [D] [thread 10679] [20.0] [cxt 0] Pipeline 'ingress': start
[08:13:13.800] [bmv2] [T] [thread 10679] [20.0] [cxt 0] ioam_demo.p4(281) Condition "hdr.ipv6.isValid()" is true
[08:13:13.800] [bmv2] [T] [thread 10679] [20.0] [cxt 0] Applying table 'ipv6_lpm'
[08:13:13.800] [bmv2] [D] [thread 10679] [20.0] [cxt 0] Looking up key:
* ipv6.dstAddr        : ff0200000000000000000000000000fb

[08:13:13.800] [bmv2] [D] [thread 10679] [20.0] [cxt 0] Table 'ipv6_lpm': miss
[08:13:13.800] [bmv2] [D] [thread 10679] [20.0] [cxt 0] Action entry is NoAction - 
[08:13:13.800] [bmv2] [T] [thread 10679] [20.0] [cxt 0] Action NoAction
[08:13:13.800] [bmv2] [D] [thread 10679] [20.0] [cxt 0] Pipeline 'ingress': end
[08:13:13.800] [bmv2] [D] [thread 10679] [20.0] [cxt 0] Egress port is 0
[08:13:13.800] [bmv2] [D] [thread 10679] [21.0] [cxt 0] Processing packet received on port 3
[08:13:13.800] [bmv2] [D] [thread 10679] [21.0] [cxt 0] Parser 'parser': start
[08:13:13.800] [bmv2] [D] [thread 10679] [21.0] [cxt 0] Extracting header 'ethernet'
[08:13:13.800] [bmv2] [D] [thread 10679] [21.0] [cxt 0] Parser state 'start': key is 86dd
[08:13:13.800] [bmv2] [T] [thread 10679] [21.0] [cxt 0] Bytes parsed: 14
[08:13:13.800] [bmv2] [D] [thread 10679] [21.0] [cxt 0] Extracting header 'ipv6'
[08:13:13.800] [bmv2] [D] [thread 10679] [21.0] [cxt 0] Parser set: setting field 'parser_metadata.ipv6_nextproto' from field 'ipv6.nextHdr' (17)
[08:13:13.800] [bmv2] [D] [thread 10679] [21.0] [cxt 0] Parser state 'parse_ipv6': key is 11
[08:13:13.800] [bmv2] [T] [thread 10679] [21.0] [cxt 0] Bytes parsed: 54
[08:13:13.800] [bmv2] [D] [thread 10679] [21.0] [cxt 0] Parser 'parser': end
[08:13:13.800] [bmv2] [D] [thread 10679] [21.0] [cxt 0] Pipeline 'ingress': start
[08:13:13.800] [bmv2] [T] [thread 10679] [21.0] [cxt 0] ioam_demo.p4(281) Condition "hdr.ipv6.isValid()" is true
[08:13:13.800] [bmv2] [T] [thread 10679] [21.0] [cxt 0] Applying table 'ipv6_lpm'
[08:13:13.800] [bmv2] [D] [thread 10679] [21.0] [cxt 0] Looking up key:
* ipv6.dstAddr        : ff0200000000000000000000000000fb

[08:13:13.800] [bmv2] [D] [thread 10679] [21.0] [cxt 0] Table 'ipv6_lpm': miss
[08:13:13.800] [bmv2] [D] [thread 10679] [21.0] [cxt 0] Action entry is NoAction - 
[08:13:13.800] [bmv2] [T] [thread 10679] [21.0] [cxt 0] Action NoAction
[08:13:13.800] [bmv2] [D] [thread 10679] [21.0] [cxt 0] Pipeline 'ingress': end
[08:13:13.800] [bmv2] [D] [thread 10679] [21.0] [cxt 0] Egress port is 0
[08:13:13.800] [bmv2] [D] [thread 10680] [20.0] [cxt 0] Pipeline 'egress': start
[08:13:13.800] [bmv2] [D] [thread 10680] [20.0] [cxt 0] Pipeline 'egress': end
[08:13:13.800] [bmv2] [D] [thread 10680] [20.0] [cxt 0] Deparser 'deparser': start
[08:13:13.800] [bmv2] [D] [thread 10680] [20.0] [cxt 0] Deparsing header 'ethernet'
[08:13:13.800] [bmv2] [D] [thread 10680] [20.0] [cxt 0] Deparsing header 'ipv6'
[08:13:13.800] [bmv2] [D] [thread 10680] [20.0] [cxt 0] Deparser 'deparser': end
[08:13:13.800] [bmv2] [D] [thread 10680] [21.0] [cxt 0] Pipeline 'egress': start
[08:13:13.800] [bmv2] [D] [thread 10680] [21.0] [cxt 0] Pipeline 'egress': end
[08:13:13.800] [bmv2] [D] [thread 10680] [21.0] [cxt 0] Deparser 'deparser': start
[08:13:13.800] [bmv2] [D] [thread 10680] [21.0] [cxt 0] Deparsing header 'ethernet'
[08:13:13.800] [bmv2] [D] [thread 10680] [21.0] [cxt 0] Deparsing header 'ipv6'
[08:13:13.800] [bmv2] [D] [thread 10680] [21.0] [cxt 0] Deparser 'deparser': end
[08:13:13.800] [bmv2] [D] [thread 10684] [20.0] [cxt 0] Transmitting packet of size 107 out of port 0
[08:13:13.800] [bmv2] [D] [thread 10684] [21.0] [cxt 0] Transmitting packet of size 107 out of port 0
[08:13:13.961] [bmv2] [D] [thread 10679] [22.0] [cxt 0] Processing packet received on port 1
[08:13:13.961] [bmv2] [D] [thread 10679] [22.0] [cxt 0] Parser 'parser': start
[08:13:13.961] [bmv2] [D] [thread 10679] [22.0] [cxt 0] Extracting header 'ethernet'
[08:13:13.962] [bmv2] [D] [thread 10679] [22.0] [cxt 0] Parser state 'start': key is 86dd
[08:13:13.962] [bmv2] [T] [thread 10679] [22.0] [cxt 0] Bytes parsed: 14
[08:13:13.962] [bmv2] [D] [thread 10679] [22.0] [cxt 0] Extracting header 'ipv6'
[08:13:13.962] [bmv2] [D] [thread 10679] [22.0] [cxt 0] Parser set: setting field 'parser_metadata.ipv6_nextproto' from field 'ipv6.nextHdr' (0)
[08:13:13.962] [bmv2] [D] [thread 10679] [22.0] [cxt 0] Parser state 'parse_ipv6': key is 00
[08:13:13.962] [bmv2] [T] [thread 10679] [22.0] [cxt 0] Bytes parsed: 54
[08:13:13.962] [bmv2] [D] [thread 10679] [22.0] [cxt 0] Extracting header 'ip6_hop_by_hop_header'
[08:13:13.962] [bmv2] [D] [thread 10679] [22.0] [cxt 0] Parser set: setting field 'parser_metadata.nextprotocol' from field 'ip6_hop_by_hop_header.protocol' (58)
[08:13:13.962] [bmv2] [D] [thread 10679] [22.0] [cxt 0] Parser set: setting field 'parser_metadata.nextlength' from field 'ip6_hop_by_hop_header.length' (0)
[08:13:13.962] [bmv2] [D] [thread 10679] [22.0] [cxt 0] Extracting header 'ip6_hop_by_hop_option'
[08:13:13.962] [bmv2] [D] [thread 10679] [22.0] [cxt 0] Parser state 'parse_ipv6_hop_by_hop': key is 05
[08:13:13.962] [bmv2] [T] [thread 10679] [22.0] [cxt 0] Bytes parsed: 58
[08:13:13.962] [bmv2] [D] [thread 10679] [22.0] [cxt 0] Parser 'parser': end
[08:13:13.962] [bmv2] [D] [thread 10679] [22.0] [cxt 0] Pipeline 'ingress': start
[08:13:13.962] [bmv2] [T] [thread 10679] [22.0] [cxt 0] ioam_demo.p4(281) Condition "hdr.ipv6.isValid()" is true
[08:13:13.962] [bmv2] [T] [thread 10679] [22.0] [cxt 0] Applying table 'ipv6_lpm'
[08:13:13.962] [bmv2] [D] [thread 10679] [22.0] [cxt 0] Looking up key:
* ipv6.dstAddr        : ff020000000000000000000000000016

[08:13:13.962] [bmv2] [D] [thread 10679] [22.0] [cxt 0] Table 'ipv6_lpm': miss
[08:13:13.962] [bmv2] [D] [thread 10679] [22.0] [cxt 0] Action entry is NoAction - 
[08:13:13.962] [bmv2] [T] [thread 10679] [22.0] [cxt 0] Action NoAction
[08:13:13.962] [bmv2] [D] [thread 10679] [22.0] [cxt 0] Pipeline 'ingress': end
[08:13:13.962] [bmv2] [D] [thread 10679] [22.0] [cxt 0] Egress port is 0
[08:13:13.962] [bmv2] [D] [thread 10680] [22.0] [cxt 0] Pipeline 'egress': start
[08:13:13.962] [bmv2] [D] [thread 10680] [22.0] [cxt 0] Pipeline 'egress': end
[08:13:13.962] [bmv2] [D] [thread 10680] [22.0] [cxt 0] Deparser 'deparser': start
[08:13:13.962] [bmv2] [D] [thread 10680] [22.0] [cxt 0] Deparsing header 'ethernet'
[08:13:13.962] [bmv2] [D] [thread 10680] [22.0] [cxt 0] Deparsing header 'ipv6'
[08:13:13.962] [bmv2] [D] [thread 10680] [22.0] [cxt 0] Deparsing header 'ip6_hop_by_hop_header'
[08:13:13.962] [bmv2] [D] [thread 10680] [22.0] [cxt 0] Deparsing header 'ip6_hop_by_hop_option'
[08:13:13.962] [bmv2] [D] [thread 10680] [22.0] [cxt 0] Deparser 'deparser': end
[08:13:13.962] [bmv2] [D] [thread 10684] [22.0] [cxt 0] Transmitting packet of size 90 out of port 0
[08:13:14.090] [bmv2] [D] [thread 10679] [23.0] [cxt 0] Processing packet received on port 1
[08:13:14.090] [bmv2] [D] [thread 10679] [23.0] [cxt 0] Parser 'parser': start
[08:13:14.090] [bmv2] [D] [thread 10679] [23.0] [cxt 0] Extracting header 'ethernet'
[08:13:14.090] [bmv2] [D] [thread 10679] [23.0] [cxt 0] Parser state 'start': key is 86dd
[08:13:14.090] [bmv2] [T] [thread 10679] [23.0] [cxt 0] Bytes parsed: 14
[08:13:14.090] [bmv2] [D] [thread 10679] [23.0] [cxt 0] Extracting header 'ipv6'
[08:13:14.090] [bmv2] [D] [thread 10679] [23.0] [cxt 0] Parser set: setting field 'parser_metadata.ipv6_nextproto' from field 'ipv6.nextHdr' (58)
[08:13:14.090] [bmv2] [D] [thread 10679] [23.0] [cxt 0] Parser state 'parse_ipv6': key is 3a
[08:13:14.090] [bmv2] [T] [thread 10679] [23.0] [cxt 0] Bytes parsed: 54
[08:13:14.090] [bmv2] [D] [thread 10679] [23.0] [cxt 0] Parser 'parser': end
[08:13:14.090] [bmv2] [D] [thread 10679] [23.0] [cxt 0] Pipeline 'ingress': start
[08:13:14.090] [bmv2] [T] [thread 10679] [23.0] [cxt 0] ioam_demo.p4(281) Condition "hdr.ipv6.isValid()" is true
[08:13:14.090] [bmv2] [T] [thread 10679] [23.0] [cxt 0] Applying table 'ipv6_lpm'
[08:13:14.090] [bmv2] [D] [thread 10679] [23.0] [cxt 0] Looking up key:
* ipv6.dstAddr        : ff0200000000000000000001ff000003

[08:13:14.090] [bmv2] [D] [thread 10679] [23.0] [cxt 0] Table 'ipv6_lpm': miss
[08:13:14.090] [bmv2] [D] [thread 10679] [23.0] [cxt 0] Action entry is NoAction - 
[08:13:14.090] [bmv2] [T] [thread 10679] [23.0] [cxt 0] Action NoAction
[08:13:14.090] [bmv2] [D] [thread 10679] [23.0] [cxt 0] Pipeline 'ingress': end
[08:13:14.090] [bmv2] [D] [thread 10679] [23.0] [cxt 0] Egress port is 0
[08:13:14.090] [bmv2] [D] [thread 10680] [23.0] [cxt 0] Pipeline 'egress': start
[08:13:14.090] [bmv2] [D] [thread 10680] [23.0] [cxt 0] Pipeline 'egress': end
[08:13:14.090] [bmv2] [D] [thread 10680] [23.0] [cxt 0] Deparser 'deparser': start
[08:13:14.090] [bmv2] [D] [thread 10680] [23.0] [cxt 0] Deparsing header 'ethernet'
[08:13:14.090] [bmv2] [D] [thread 10680] [23.0] [cxt 0] Deparsing header 'ipv6'
[08:13:14.090] [bmv2] [D] [thread 10680] [23.0] [cxt 0] Deparser 'deparser': end
[08:13:14.090] [bmv2] [D] [thread 10684] [23.0] [cxt 0] Transmitting packet of size 86 out of port 0
[08:13:14.186] [bmv2] [D] [thread 10679] [24.0] [cxt 0] Processing packet received on port 2
[08:13:14.186] [bmv2] [D] [thread 10679] [24.0] [cxt 0] Parser 'parser': start
[08:13:14.186] [bmv2] [D] [thread 10679] [24.0] [cxt 0] Extracting header 'ethernet'
[08:13:14.186] [bmv2] [D] [thread 10679] [24.0] [cxt 0] Parser state 'start': key is 86dd
[08:13:14.186] [bmv2] [T] [thread 10679] [24.0] [cxt 0] Bytes parsed: 14
[08:13:14.186] [bmv2] [D] [thread 10679] [24.0] [cxt 0] Extracting header 'ipv6'
[08:13:14.186] [bmv2] [D] [thread 10679] [24.0] [cxt 0] Parser set: setting field 'parser_metadata.ipv6_nextproto' from field 'ipv6.nextHdr' (17)
[08:13:14.186] [bmv2] [D] [thread 10679] [24.0] [cxt 0] Parser state 'parse_ipv6': key is 11
[08:13:14.186] [bmv2] [T] [thread 10679] [24.0] [cxt 0] Bytes parsed: 54
[08:13:14.186] [bmv2] [D] [thread 10679] [24.0] [cxt 0] Parser 'parser': end
[08:13:14.186] [bmv2] [D] [thread 10679] [24.0] [cxt 0] Pipeline 'ingress': start
[08:13:14.186] [bmv2] [T] [thread 10679] [24.0] [cxt 0] ioam_demo.p4(281) Condition "hdr.ipv6.isValid()" is true
[08:13:14.186] [bmv2] [T] [thread 10679] [24.0] [cxt 0] Applying table 'ipv6_lpm'
[08:13:14.187] [bmv2] [D] [thread 10679] [24.0] [cxt 0] Looking up key:
* ipv6.dstAddr        : ff0200000000000000000000000000fb

[08:13:14.187] [bmv2] [D] [thread 10679] [24.0] [cxt 0] Table 'ipv6_lpm': miss
[08:13:14.187] [bmv2] [D] [thread 10679] [24.0] [cxt 0] Action entry is NoAction - 
[08:13:14.187] [bmv2] [T] [thread 10679] [24.0] [cxt 0] Action NoAction
[08:13:14.187] [bmv2] [D] [thread 10679] [24.0] [cxt 0] Pipeline 'ingress': end
[08:13:14.187] [bmv2] [D] [thread 10679] [24.0] [cxt 0] Egress port is 0
[08:13:14.187] [bmv2] [D] [thread 10680] [24.0] [cxt 0] Pipeline 'egress': start
[08:13:14.187] [bmv2] [D] [thread 10680] [24.0] [cxt 0] Pipeline 'egress': end
[08:13:14.187] [bmv2] [D] [thread 10680] [24.0] [cxt 0] Deparser 'deparser': start
[08:13:14.187] [bmv2] [D] [thread 10680] [24.0] [cxt 0] Deparsing header 'ethernet'
[08:13:14.187] [bmv2] [D] [thread 10680] [24.0] [cxt 0] Deparsing header 'ipv6'
[08:13:14.187] [bmv2] [D] [thread 10680] [24.0] [cxt 0] Deparser 'deparser': end
[08:13:14.187] [bmv2] [D] [thread 10684] [24.0] [cxt 0] Transmitting packet of size 107 out of port 0
[08:13:14.738] [bmv2] [D] [thread 10679] [25.0] [cxt 0] Processing packet received on port 1
[08:13:14.738] [bmv2] [D] [thread 10679] [25.0] [cxt 0] Parser 'parser': start
[08:13:14.738] [bmv2] [D] [thread 10679] [25.0] [cxt 0] Extracting header 'ethernet'
[08:13:14.738] [bmv2] [D] [thread 10679] [25.0] [cxt 0] Parser state 'start': key is 86dd
[08:13:14.738] [bmv2] [T] [thread 10679] [25.0] [cxt 0] Bytes parsed: 14
[08:13:14.738] [bmv2] [D] [thread 10679] [25.0] [cxt 0] Extracting header 'ipv6'
[08:13:14.738] [bmv2] [D] [thread 10679] [25.0] [cxt 0] Parser set: setting field 'parser_metadata.ipv6_nextproto' from field 'ipv6.nextHdr' (17)
[08:13:14.738] [bmv2] [D] [thread 10679] [25.0] [cxt 0] Parser state 'parse_ipv6': key is 11
[08:13:14.738] [bmv2] [T] [thread 10679] [25.0] [cxt 0] Bytes parsed: 54
[08:13:14.738] [bmv2] [D] [thread 10679] [25.0] [cxt 0] Parser 'parser': end
[08:13:14.738] [bmv2] [D] [thread 10679] [25.0] [cxt 0] Pipeline 'ingress': start
[08:13:14.738] [bmv2] [T] [thread 10679] [25.0] [cxt 0] ioam_demo.p4(281) Condition "hdr.ipv6.isValid()" is true
[08:13:14.738] [bmv2] [T] [thread 10679] [25.0] [cxt 0] Applying table 'ipv6_lpm'
[08:13:14.738] [bmv2] [D] [thread 10679] [25.0] [cxt 0] Looking up key:
* ipv6.dstAddr        : ff0200000000000000000000000000fb

[08:13:14.738] [bmv2] [D] [thread 10679] [25.0] [cxt 0] Table 'ipv6_lpm': miss
[08:13:14.738] [bmv2] [D] [thread 10679] [25.0] [cxt 0] Action entry is NoAction - 
[08:13:14.738] [bmv2] [T] [thread 10679] [25.0] [cxt 0] Action NoAction
[08:13:14.738] [bmv2] [D] [thread 10679] [25.0] [cxt 0] Pipeline 'ingress': end
[08:13:14.738] [bmv2] [D] [thread 10679] [25.0] [cxt 0] Egress port is 0
[08:13:14.738] [bmv2] [D] [thread 10680] [25.0] [cxt 0] Pipeline 'egress': start
[08:13:14.738] [bmv2] [D] [thread 10680] [25.0] [cxt 0] Pipeline 'egress': end
[08:13:14.738] [bmv2] [D] [thread 10680] [25.0] [cxt 0] Deparser 'deparser': start
[08:13:14.738] [bmv2] [D] [thread 10680] [25.0] [cxt 0] Deparsing header 'ethernet'
[08:13:14.738] [bmv2] [D] [thread 10680] [25.0] [cxt 0] Deparsing header 'ipv6'
[08:13:14.738] [bmv2] [D] [thread 10680] [25.0] [cxt 0] Deparser 'deparser': end
[08:13:14.738] [bmv2] [D] [thread 10684] [25.0] [cxt 0] Transmitting packet of size 201 out of port 0
[08:13:15.055] [bmv2] [D] [thread 10679] [26.0] [cxt 0] Processing packet received on port 3
[08:13:15.055] [bmv2] [D] [thread 10679] [26.0] [cxt 0] Parser 'parser': start
[08:13:15.055] [bmv2] [D] [thread 10679] [26.0] [cxt 0] Extracting header 'ethernet'
[08:13:15.055] [bmv2] [D] [thread 10679] [26.0] [cxt 0] Parser state 'start': key is 86dd
[08:13:15.055] [bmv2] [T] [thread 10679] [26.0] [cxt 0] Bytes parsed: 14
[08:13:15.055] [bmv2] [D] [thread 10679] [26.0] [cxt 0] Extracting header 'ipv6'
[08:13:15.055] [bmv2] [D] [thread 10679] [26.0] [cxt 0] Parser set: setting field 'parser_metadata.ipv6_nextproto' from field 'ipv6.nextHdr' (17)
[08:13:15.055] [bmv2] [D] [thread 10679] [26.0] [cxt 0] Parser state 'parse_ipv6': key is 11
[08:13:15.055] [bmv2] [T] [thread 10679] [26.0] [cxt 0] Bytes parsed: 54
[08:13:15.055] [bmv2] [D] [thread 10679] [26.0] [cxt 0] Parser 'parser': end
[08:13:15.055] [bmv2] [D] [thread 10679] [26.0] [cxt 0] Pipeline 'ingress': start
[08:13:15.055] [bmv2] [T] [thread 10679] [26.0] [cxt 0] ioam_demo.p4(281) Condition "hdr.ipv6.isValid()" is true
[08:13:15.055] [bmv2] [T] [thread 10679] [26.0] [cxt 0] Applying table 'ipv6_lpm'
[08:13:15.055] [bmv2] [D] [thread 10679] [26.0] [cxt 0] Looking up key:
* ipv6.dstAddr        : ff0200000000000000000000000000fb

[08:13:15.055] [bmv2] [D] [thread 10679] [26.0] [cxt 0] Table 'ipv6_lpm': miss
[08:13:15.055] [bmv2] [D] [thread 10679] [26.0] [cxt 0] Action entry is NoAction - 
[08:13:15.055] [bmv2] [T] [thread 10679] [26.0] [cxt 0] Action NoAction
[08:13:15.055] [bmv2] [D] [thread 10679] [26.0] [cxt 0] Pipeline 'ingress': end
[08:13:15.055] [bmv2] [D] [thread 10679] [26.0] [cxt 0] Egress port is 0
[08:13:15.056] [bmv2] [D] [thread 10680] [26.0] [cxt 0] Pipeline 'egress': start
[08:13:15.056] [bmv2] [D] [thread 10680] [26.0] [cxt 0] Pipeline 'egress': end
[08:13:15.056] [bmv2] [D] [thread 10680] [26.0] [cxt 0] Deparser 'deparser': start
[08:13:15.056] [bmv2] [D] [thread 10680] [26.0] [cxt 0] Deparsing header 'ethernet'
[08:13:15.056] [bmv2] [D] [thread 10680] [26.0] [cxt 0] Deparsing header 'ipv6'
[08:13:15.056] [bmv2] [D] [thread 10680] [26.0] [cxt 0] Deparser 'deparser': end
[08:13:15.056] [bmv2] [D] [thread 10684] [26.0] [cxt 0] Transmitting packet of size 201 out of port 0
[08:13:15.114] [bmv2] [D] [thread 10679] [27.0] [cxt 0] Processing packet received on port 1
[08:13:15.114] [bmv2] [D] [thread 10679] [27.0] [cxt 0] Parser 'parser': start
[08:13:15.114] [bmv2] [D] [thread 10679] [27.0] [cxt 0] Extracting header 'ethernet'
[08:13:15.114] [bmv2] [D] [thread 10679] [27.0] [cxt 0] Parser state 'start': key is 86dd
[08:13:15.114] [bmv2] [T] [thread 10679] [27.0] [cxt 0] Bytes parsed: 14
[08:13:15.114] [bmv2] [D] [thread 10679] [27.0] [cxt 0] Extracting header 'ipv6'
[08:13:15.114] [bmv2] [D] [thread 10679] [27.0] [cxt 0] Parser set: setting field 'parser_metadata.ipv6_nextproto' from field 'ipv6.nextHdr' (0)
[08:13:15.114] [bmv2] [D] [thread 10679] [27.0] [cxt 0] Parser state 'parse_ipv6': key is 00
[08:13:15.114] [bmv2] [T] [thread 10679] [27.0] [cxt 0] Bytes parsed: 54
[08:13:15.114] [bmv2] [D] [thread 10679] [27.0] [cxt 0] Extracting header 'ip6_hop_by_hop_header'
[08:13:15.114] [bmv2] [D] [thread 10679] [27.0] [cxt 0] Parser set: setting field 'parser_metadata.nextprotocol' from field 'ip6_hop_by_hop_header.protocol' (58)
[08:13:15.114] [bmv2] [D] [thread 10679] [27.0] [cxt 0] Parser set: setting field 'parser_metadata.nextlength' from field 'ip6_hop_by_hop_header.length' (0)
[08:13:15.114] [bmv2] [D] [thread 10679] [27.0] [cxt 0] Extracting header 'ip6_hop_by_hop_option'
[08:13:15.114] [bmv2] [D] [thread 10679] [27.0] [cxt 0] Parser state 'parse_ipv6_hop_by_hop': key is 05
[08:13:15.114] [bmv2] [T] [thread 10679] [27.0] [cxt 0] Bytes parsed: 58
[08:13:15.114] [bmv2] [D] [thread 10679] [27.0] [cxt 0] Parser 'parser': end
[08:13:15.114] [bmv2] [D] [thread 10679] [27.0] [cxt 0] Pipeline 'ingress': start
[08:13:15.114] [bmv2] [T] [thread 10679] [27.0] [cxt 0] ioam_demo.p4(281) Condition "hdr.ipv6.isValid()" is true
[08:13:15.114] [bmv2] [T] [thread 10679] [27.0] [cxt 0] Applying table 'ipv6_lpm'
[08:13:15.114] [bmv2] [D] [thread 10679] [27.0] [cxt 0] Looking up key:
* ipv6.dstAddr        : ff020000000000000000000000000016

[08:13:15.114] [bmv2] [D] [thread 10679] [27.0] [cxt 0] Table 'ipv6_lpm': miss
[08:13:15.114] [bmv2] [D] [thread 10679] [27.0] [cxt 0] Action entry is NoAction - 
[08:13:15.114] [bmv2] [T] [thread 10679] [27.0] [cxt 0] Action NoAction
[08:13:15.114] [bmv2] [D] [thread 10679] [27.0] [cxt 0] Pipeline 'ingress': end
[08:13:15.114] [bmv2] [D] [thread 10679] [27.0] [cxt 0] Egress port is 0
[08:13:15.114] [bmv2] [D] [thread 10679] [28.0] [cxt 0] Processing packet received on port 1
[08:13:15.114] [bmv2] [D] [thread 10679] [28.0] [cxt 0] Parser 'parser': start
[08:13:15.114] [bmv2] [D] [thread 10679] [28.0] [cxt 0] Extracting header 'ethernet'
[08:13:15.114] [bmv2] [D] [thread 10679] [28.0] [cxt 0] Parser state 'start': key is 86dd
[08:13:15.114] [bmv2] [T] [thread 10679] [28.0] [cxt 0] Bytes parsed: 14
[08:13:15.114] [bmv2] [D] [thread 10679] [28.0] [cxt 0] Extracting header 'ipv6'
[08:13:15.114] [bmv2] [D] [thread 10679] [28.0] [cxt 0] Parser set: setting field 'parser_metadata.ipv6_nextproto' from field 'ipv6.nextHdr' (58)
[08:13:15.114] [bmv2] [D] [thread 10679] [28.0] [cxt 0] Parser state 'parse_ipv6': key is 3a
[08:13:15.115] [bmv2] [T] [thread 10679] [28.0] [cxt 0] Bytes parsed: 54
[08:13:15.115] [bmv2] [D] [thread 10679] [28.0] [cxt 0] Parser 'parser': end
[08:13:15.115] [bmv2] [D] [thread 10679] [28.0] [cxt 0] Pipeline 'ingress': start
[08:13:15.115] [bmv2] [T] [thread 10679] [28.0] [cxt 0] ioam_demo.p4(281) Condition "hdr.ipv6.isValid()" is true
[08:13:15.115] [bmv2] [T] [thread 10679] [28.0] [cxt 0] Applying table 'ipv6_lpm'
[08:13:15.115] [bmv2] [D] [thread 10679] [28.0] [cxt 0] Looking up key:
* ipv6.dstAddr        : ff020000000000000000000000000002

[08:13:15.115] [bmv2] [D] [thread 10679] [28.0] [cxt 0] Table 'ipv6_lpm': miss
[08:13:15.115] [bmv2] [D] [thread 10679] [28.0] [cxt 0] Action entry is NoAction - 
[08:13:15.115] [bmv2] [T] [thread 10679] [28.0] [cxt 0] Action NoAction
[08:13:15.115] [bmv2] [D] [thread 10679] [28.0] [cxt 0] Pipeline 'ingress': end
[08:13:15.115] [bmv2] [D] [thread 10679] [28.0] [cxt 0] Egress port is 0
[08:13:15.115] [bmv2] [D] [thread 10680] [27.0] [cxt 0] Pipeline 'egress': start
[08:13:15.115] [bmv2] [D] [thread 10680] [27.0] [cxt 0] Pipeline 'egress': end
[08:13:15.115] [bmv2] [D] [thread 10680] [27.0] [cxt 0] Deparser 'deparser': start
[08:13:15.115] [bmv2] [D] [thread 10680] [27.0] [cxt 0] Deparsing header 'ethernet'
[08:13:15.115] [bmv2] [D] [thread 10680] [27.0] [cxt 0] Deparsing header 'ipv6'
[08:13:15.115] [bmv2] [D] [thread 10680] [27.0] [cxt 0] Deparsing header 'ip6_hop_by_hop_header'
[08:13:15.115] [bmv2] [D] [thread 10680] [27.0] [cxt 0] Deparsing header 'ip6_hop_by_hop_option'
[08:13:15.115] [bmv2] [D] [thread 10680] [27.0] [cxt 0] Deparser 'deparser': end
[08:13:15.115] [bmv2] [D] [thread 10680] [28.0] [cxt 0] Pipeline 'egress': start
[08:13:15.115] [bmv2] [D] [thread 10680] [28.0] [cxt 0] Pipeline 'egress': end
[08:13:15.115] [bmv2] [D] [thread 10680] [28.0] [cxt 0] Deparser 'deparser': start
[08:13:15.115] [bmv2] [D] [thread 10680] [28.0] [cxt 0] Deparsing header 'ethernet'
[08:13:15.115] [bmv2] [D] [thread 10680] [28.0] [cxt 0] Deparsing header 'ipv6'
[08:13:15.115] [bmv2] [D] [thread 10680] [28.0] [cxt 0] Deparser 'deparser': end
[08:13:15.115] [bmv2] [D] [thread 10684] [27.0] [cxt 0] Transmitting packet of size 90 out of port 0
[08:13:15.115] [bmv2] [D] [thread 10684] [28.0] [cxt 0] Transmitting packet of size 70 out of port 0
[08:13:15.117] [bmv2] [D] [thread 10679] [29.0] [cxt 0] Processing packet received on port 2
[08:13:15.117] [bmv2] [D] [thread 10679] [29.0] [cxt 0] Parser 'parser': start
[08:13:15.117] [bmv2] [D] [thread 10679] [29.0] [cxt 0] Extracting header 'ethernet'
[08:13:15.118] [bmv2] [D] [thread 10679] [29.0] [cxt 0] Parser state 'start': key is 86dd
[08:13:15.118] [bmv2] [T] [thread 10679] [29.0] [cxt 0] Bytes parsed: 14
[08:13:15.118] [bmv2] [D] [thread 10679] [29.0] [cxt 0] Extracting header 'ipv6'
[08:13:15.118] [bmv2] [D] [thread 10679] [29.0] [cxt 0] Parser set: setting field 'parser_metadata.ipv6_nextproto' from field 'ipv6.nextHdr' (17)
[08:13:15.118] [bmv2] [D] [thread 10679] [29.0] [cxt 0] Parser state 'parse_ipv6': key is 11
[08:13:15.118] [bmv2] [T] [thread 10679] [29.0] [cxt 0] Bytes parsed: 54
[08:13:15.118] [bmv2] [D] [thread 10679] [29.0] [cxt 0] Parser 'parser': end
[08:13:15.118] [bmv2] [D] [thread 10679] [29.0] [cxt 0] Pipeline 'ingress': start
[08:13:15.118] [bmv2] [T] [thread 10679] [29.0] [cxt 0] ioam_demo.p4(281) Condition "hdr.ipv6.isValid()" is true
[08:13:15.118] [bmv2] [T] [thread 10679] [29.0] [cxt 0] Applying table 'ipv6_lpm'
[08:13:15.118] [bmv2] [D] [thread 10679] [29.0] [cxt 0] Looking up key:
* ipv6.dstAddr        : ff0200000000000000000000000000fb

[08:13:15.118] [bmv2] [D] [thread 10679] [29.0] [cxt 0] Table 'ipv6_lpm': miss
[08:13:15.118] [bmv2] [D] [thread 10679] [29.0] [cxt 0] Action entry is NoAction - 
[08:13:15.118] [bmv2] [T] [thread 10679] [29.0] [cxt 0] Action NoAction
[08:13:15.118] [bmv2] [D] [thread 10679] [29.0] [cxt 0] Pipeline 'ingress': end
[08:13:15.118] [bmv2] [D] [thread 10679] [29.0] [cxt 0] Egress port is 0
[08:13:15.118] [bmv2] [D] [thread 10680] [29.0] [cxt 0] Pipeline 'egress': start
[08:13:15.118] [bmv2] [D] [thread 10680] [29.0] [cxt 0] Pipeline 'egress': end
[08:13:15.118] [bmv2] [D] [thread 10680] [29.0] [cxt 0] Deparser 'deparser': start
[08:13:15.118] [bmv2] [D] [thread 10680] [29.0] [cxt 0] Deparsing header 'ethernet'
[08:13:15.118] [bmv2] [D] [thread 10680] [29.0] [cxt 0] Deparsing header 'ipv6'
[08:13:15.118] [bmv2] [D] [thread 10680] [29.0] [cxt 0] Deparser 'deparser': end
[08:13:15.118] [bmv2] [D] [thread 10684] [29.0] [cxt 0] Transmitting packet of size 201 out of port 0
[08:13:15.173] [bmv2] [D] [thread 10679] [30.0] [cxt 0] Processing packet received on port 1
[08:13:15.173] [bmv2] [D] [thread 10679] [30.0] [cxt 0] Parser 'parser': start
[08:13:15.173] [bmv2] [D] [thread 10679] [30.0] [cxt 0] Extracting header 'ethernet'
[08:13:15.173] [bmv2] [D] [thread 10679] [30.0] [cxt 0] Parser state 'start': key is 86dd
[08:13:15.173] [bmv2] [T] [thread 10679] [30.0] [cxt 0] Bytes parsed: 14
[08:13:15.173] [bmv2] [D] [thread 10679] [30.0] [cxt 0] Extracting header 'ipv6'
[08:13:15.173] [bmv2] [D] [thread 10679] [30.0] [cxt 0] Parser set: setting field 'parser_metadata.ipv6_nextproto' from field 'ipv6.nextHdr' (0)
[08:13:15.173] [bmv2] [D] [thread 10679] [30.0] [cxt 0] Parser state 'parse_ipv6': key is 00
[08:13:15.173] [bmv2] [T] [thread 10679] [30.0] [cxt 0] Bytes parsed: 54
[08:13:15.173] [bmv2] [D] [thread 10679] [30.0] [cxt 0] Extracting header 'ip6_hop_by_hop_header'
[08:13:15.173] [bmv2] [D] [thread 10679] [30.0] [cxt 0] Parser set: setting field 'parser_metadata.nextprotocol' from field 'ip6_hop_by_hop_header.protocol' (58)
[08:13:15.173] [bmv2] [D] [thread 10679] [30.0] [cxt 0] Parser set: setting field 'parser_metadata.nextlength' from field 'ip6_hop_by_hop_header.length' (0)
[08:13:15.173] [bmv2] [D] [thread 10679] [30.0] [cxt 0] Extracting header 'ip6_hop_by_hop_option'
[08:13:15.173] [bmv2] [D] [thread 10679] [30.0] [cxt 0] Parser state 'parse_ipv6_hop_by_hop': key is 05
[08:13:15.173] [bmv2] [T] [thread 10679] [30.0] [cxt 0] Bytes parsed: 58
[08:13:15.173] [bmv2] [D] [thread 10679] [30.0] [cxt 0] Parser 'parser': end
[08:13:15.173] [bmv2] [D] [thread 10679] [30.0] [cxt 0] Pipeline 'ingress': start
[08:13:15.173] [bmv2] [T] [thread 10679] [30.0] [cxt 0] ioam_demo.p4(281) Condition "hdr.ipv6.isValid()" is true
[08:13:15.173] [bmv2] [T] [thread 10679] [30.0] [cxt 0] Applying table 'ipv6_lpm'
[08:13:15.173] [bmv2] [D] [thread 10679] [30.0] [cxt 0] Looking up key:
* ipv6.dstAddr        : ff020000000000000000000000000016

[08:13:15.173] [bmv2] [D] [thread 10679] [30.0] [cxt 0] Table 'ipv6_lpm': miss
[08:13:15.173] [bmv2] [D] [thread 10679] [30.0] [cxt 0] Action entry is NoAction - 
[08:13:15.173] [bmv2] [T] [thread 10679] [30.0] [cxt 0] Action NoAction
[08:13:15.173] [bmv2] [D] [thread 10679] [30.0] [cxt 0] Pipeline 'ingress': end
[08:13:15.173] [bmv2] [D] [thread 10679] [30.0] [cxt 0] Egress port is 0
[08:13:15.173] [bmv2] [D] [thread 10680] [30.0] [cxt 0] Pipeline 'egress': start
[08:13:15.173] [bmv2] [D] [thread 10680] [30.0] [cxt 0] Pipeline 'egress': end
[08:13:15.173] [bmv2] [D] [thread 10680] [30.0] [cxt 0] Deparser 'deparser': start
[08:13:15.173] [bmv2] [D] [thread 10680] [30.0] [cxt 0] Deparsing header 'ethernet'
[08:13:15.173] [bmv2] [D] [thread 10680] [30.0] [cxt 0] Deparsing header 'ipv6'
[08:13:15.173] [bmv2] [D] [thread 10680] [30.0] [cxt 0] Deparsing header 'ip6_hop_by_hop_header'
[08:13:15.173] [bmv2] [D] [thread 10680] [30.0] [cxt 0] Deparsing header 'ip6_hop_by_hop_option'
[08:13:15.174] [bmv2] [D] [thread 10680] [30.0] [cxt 0] Deparser 'deparser': end
[08:13:15.174] [bmv2] [D] [thread 10684] [30.0] [cxt 0] Transmitting packet of size 90 out of port 0
[08:13:15.185] [bmv2] [D] [thread 10679] [31.0] [cxt 0] Processing packet received on port 3
[08:13:15.185] [bmv2] [D] [thread 10679] [31.0] [cxt 0] Parser 'parser': start
[08:13:15.185] [bmv2] [D] [thread 10679] [31.0] [cxt 0] Extracting header 'ethernet'
[08:13:15.185] [bmv2] [D] [thread 10679] [31.0] [cxt 0] Parser state 'start': key is 86dd
[08:13:15.185] [bmv2] [T] [thread 10679] [31.0] [cxt 0] Bytes parsed: 14
[08:13:15.185] [bmv2] [D] [thread 10679] [31.0] [cxt 0] Extracting header 'ipv6'
[08:13:15.185] [bmv2] [D] [thread 10679] [31.0] [cxt 0] Parser set: setting field 'parser_metadata.ipv6_nextproto' from field 'ipv6.nextHdr' (17)
[08:13:15.185] [bmv2] [D] [thread 10679] [31.0] [cxt 0] Parser state 'parse_ipv6': key is 11
[08:13:15.185] [bmv2] [T] [thread 10679] [31.0] [cxt 0] Bytes parsed: 54
[08:13:15.185] [bmv2] [D] [thread 10679] [31.0] [cxt 0] Parser 'parser': end
[08:13:15.185] [bmv2] [D] [thread 10679] [31.0] [cxt 0] Pipeline 'ingress': start
[08:13:15.185] [bmv2] [T] [thread 10679] [31.0] [cxt 0] ioam_demo.p4(281) Condition "hdr.ipv6.isValid()" is true
[08:13:15.185] [bmv2] [T] [thread 10679] [31.0] [cxt 0] Applying table 'ipv6_lpm'
[08:13:15.185] [bmv2] [D] [thread 10679] [31.0] [cxt 0] Looking up key:
* ipv6.dstAddr        : ff0200000000000000000000000000fb

[08:13:15.185] [bmv2] [D] [thread 10679] [31.0] [cxt 0] Table 'ipv6_lpm': miss
[08:13:15.185] [bmv2] [D] [thread 10679] [31.0] [cxt 0] Action entry is NoAction - 
[08:13:15.185] [bmv2] [T] [thread 10679] [31.0] [cxt 0] Action NoAction
[08:13:15.185] [bmv2] [D] [thread 10679] [31.0] [cxt 0] Pipeline 'ingress': end
[08:13:15.185] [bmv2] [D] [thread 10679] [31.0] [cxt 0] Egress port is 0
[08:13:15.185] [bmv2] [D] [thread 10680] [31.0] [cxt 0] Pipeline 'egress': start
[08:13:15.185] [bmv2] [D] [thread 10680] [31.0] [cxt 0] Pipeline 'egress': end
[08:13:15.185] [bmv2] [D] [thread 10680] [31.0] [cxt 0] Deparser 'deparser': start
[08:13:15.185] [bmv2] [D] [thread 10680] [31.0] [cxt 0] Deparsing header 'ethernet'
[08:13:15.185] [bmv2] [D] [thread 10680] [31.0] [cxt 0] Deparsing header 'ipv6'
[08:13:15.185] [bmv2] [D] [thread 10680] [31.0] [cxt 0] Deparser 'deparser': end
[08:13:15.185] [bmv2] [D] [thread 10684] [31.0] [cxt 0] Transmitting packet of size 201 out of port 0
[08:13:15.506] [bmv2] [D] [thread 10679] [32.0] [cxt 0] Processing packet received on port 2
[08:13:15.506] [bmv2] [D] [thread 10679] [32.0] [cxt 0] Parser 'parser': start
[08:13:15.506] [bmv2] [D] [thread 10679] [32.0] [cxt 0] Extracting header 'ethernet'
[08:13:15.506] [bmv2] [D] [thread 10679] [32.0] [cxt 0] Parser state 'start': key is 86dd
[08:13:15.506] [bmv2] [T] [thread 10679] [32.0] [cxt 0] Bytes parsed: 14
[08:13:15.506] [bmv2] [D] [thread 10679] [32.0] [cxt 0] Extracting header 'ipv6'
[08:13:15.506] [bmv2] [D] [thread 10679] [32.0] [cxt 0] Parser set: setting field 'parser_metadata.ipv6_nextproto' from field 'ipv6.nextHdr' (17)
[08:13:15.506] [bmv2] [D] [thread 10679] [32.0] [cxt 0] Parser state 'parse_ipv6': key is 11
[08:13:15.506] [bmv2] [T] [thread 10679] [32.0] [cxt 0] Bytes parsed: 54
[08:13:15.506] [bmv2] [D] [thread 10679] [32.0] [cxt 0] Parser 'parser': end
[08:13:15.506] [bmv2] [D] [thread 10679] [32.0] [cxt 0] Pipeline 'ingress': start
[08:13:15.506] [bmv2] [T] [thread 10679] [32.0] [cxt 0] ioam_demo.p4(281) Condition "hdr.ipv6.isValid()" is true
[08:13:15.506] [bmv2] [T] [thread 10679] [32.0] [cxt 0] Applying table 'ipv6_lpm'
[08:13:15.506] [bmv2] [D] [thread 10679] [32.0] [cxt 0] Looking up key:
* ipv6.dstAddr        : ff0200000000000000000000000000fb

[08:13:15.506] [bmv2] [D] [thread 10679] [32.0] [cxt 0] Table 'ipv6_lpm': miss
[08:13:15.506] [bmv2] [D] [thread 10679] [32.0] [cxt 0] Action entry is NoAction - 
[08:13:15.506] [bmv2] [T] [thread 10679] [32.0] [cxt 0] Action NoAction
[08:13:15.506] [bmv2] [D] [thread 10679] [32.0] [cxt 0] Pipeline 'ingress': end
[08:13:15.506] [bmv2] [D] [thread 10679] [32.0] [cxt 0] Egress port is 0
[08:13:15.506] [bmv2] [D] [thread 10680] [32.0] [cxt 0] Pipeline 'egress': start
[08:13:15.506] [bmv2] [D] [thread 10680] [32.0] [cxt 0] Pipeline 'egress': end
[08:13:15.506] [bmv2] [D] [thread 10680] [32.0] [cxt 0] Deparser 'deparser': start
[08:13:15.506] [bmv2] [D] [thread 10680] [32.0] [cxt 0] Deparsing header 'ethernet'
[08:13:15.507] [bmv2] [D] [thread 10680] [32.0] [cxt 0] Deparsing header 'ipv6'
[08:13:15.507] [bmv2] [D] [thread 10680] [32.0] [cxt 0] Deparser 'deparser': end
[08:13:15.507] [bmv2] [D] [thread 10684] [32.0] [cxt 0] Transmitting packet of size 201 out of port 0
open: No such file or directory
open: No such file or directory
open: No such file or directory
open: No such file or directory
open: No such file or directory
open: No such file or directory
